2026-03-07T20:01:45.062+07:00  INFO 21572 --- [Lavalink] [main] lavalink.server.Launcher                 : Starting Launcher v4.1.2 using Java 23.0.2 with PID 21572 (D:\project\csbot\src\lavalink\Lavalink.jar started by USER in D:\project\csbot\src\lavalink)
2026-03-07T20:01:45.097+07:00  INFO 21572 --- [Lavalink] [main] lavalink.server.Launcher                 : No active profile set, falling back to 1 default profile: "default"
2026-03-07T20:01:45.605+07:00  INFO 21572 --- [Lavalink] [main] o.s.cloud.context.scope.GenericScope     : BeanFactory id=3d6bf653-92ea-3fde-943a-10b9f8cd696e
2026-03-07T20:01:45.906+07:00  INFO 21572 --- [Lavalink] [main] l.server.bootstrap.PluginManager         : Found plugin 'lavasrc-plugin' version '4.8.1'
2026-03-07T20:01:45.906+07:00  INFO 21572 --- [Lavalink] [main] l.server.bootstrap.PluginManager         : Found plugin 'youtube-plugin' version '1.18.0'
2026-03-07T20:01:47.747+07:00  INFO 21572 --- [Lavalink] [main] l.server.bootstrap.PluginManager         : Loaded 'lavasrc-plugin-4.8.1.jar' (202 classes)
2026-03-07T20:01:47.754+07:00  INFO 21572 --- [Lavalink] [main] l.server.bootstrap.PluginManager         : Loaded 'youtube-plugin-1.18.0.jar' (17 classes)
2026-03-07T20:01:48.002+07:00  INFO 21572 --- [Lavalink] [main] lavalink.server.Launcher                 : Started Launcher in 3.403 seconds (process running for 4.57)
2026-03-07T20:01:48.076+07:00  INFO 21572 --- [Lavalink] [main] lavalink.server.Launcher                 : 

[32m       .  [31m _                  _ _       _    [32m__ _ _
[32m      /\\ [31m| | __ ___   ____ _| (_)_ __ | | __[32m\ \ \ \
[32m     ( ( )[31m| |/ _` \ \ / / _` | | | '_ \| |/ /[32m \ \ \ \
[32m      \\/ [31m| | (_| |\ V / (_| | | | | | |   < [32m  ) ) ) )
[32m       '  [31m|_|\__,_| \_/ \__,_|_|_|_| |_|_|\_\[32m / / / /
[0m    =========================================[32m/_/_/_/[0m

	Version:        4.1.2
	Build time:     21.12.2025 19:58:06 UTC
	Branch          HEAD
	Commit:         48e0d2f
	Commit time:    21.12.2025 19:55:48 UTC
	JVM:            23.0.2
	Lavaplayer      2.2.6

2026-03-07T20:01:48.082+07:00  INFO 21572 --- [Lavalink] [main] lavalink.server.Launcher                 : No active profile set, falling back to 1 default profile: "default"
2026-03-07T20:01:48.513+07:00  WARN 21572 --- [Lavalink] [main] io.undertow.websockets.jsr               : UT026010: Buffer pool was not set on WebSocketDeploymentInfo, the default pool will be used
2026-03-07T20:01:48.529+07:00  INFO 21572 --- [Lavalink] [main] io.undertow.servlet                      : Initializing Spring embedded WebApplicationContext
2026-03-07T20:01:48.529+07:00  INFO 21572 --- [Lavalink] [main] w.s.c.ServletWebServerApplicationContext : Root WebApplicationContext: initialization completed in 443 ms
2026-03-07T20:01:48.603+07:00  INFO 21572 --- [Lavalink] [main] c.g.t.lavasrc.plugin.LavaSrcPlugin       : Loading LavaSrc plugin...
2026-03-07T20:01:48.657+07:00  INFO 21572 --- [Lavalink] [main] c.g.t.lavasrc.plugin.LavaSrcPlugin       : Registering Youtube Source audio source manager...
2026-03-07T20:01:49.474+07:00  INFO 21572 --- [Lavalink] [main] c.s.d.l.tools.GarbageCollectionMonitor   : GC monitoring enabled, reporting results every 2 minutes.
2026-03-07T20:01:49.696+07:00  INFO 21572 --- [Lavalink] [main] c.g.t.lavasrc.plugin.LavaSrcPlugin       : Registering Spotify audio source manager...
2026-03-07T20:01:49.705+07:00  INFO 21572 --- [Lavalink] [main] d.l.youtube.plugin.YoutubePluginLoader   : Using remote cipher server with URL "http://ejs_signature_api:8001"
2026-03-07T20:01:49.708+07:00  INFO 21572 --- [Lavalink] [main] d.l.youtube.plugin.YoutubePluginLoader   : YouTube source initialised with clients: WEB_REMIX, ANDROID_VR, WEB, WEB_EMBEDDED_PLAYER 
2026-03-07T20:01:49.846+07:00  INFO 21572 --- [Lavalink] [main] l.server.config.KoeConfiguration         : OS: WINDOWS, Arch: X86_64
2026-03-07T20:01:49.847+07:00  INFO 21572 --- [Lavalink] [main] l.server.config.KoeConfiguration         : Enabling JDA-NAS
2026-03-07T20:01:49.849+07:00  INFO 21572 --- [Lavalink] [main] c.s.l.c.natives.NativeLibraryLoader      : Native library udpqueue: loading with filter null
2026-03-07T20:01:49.900+07:00  INFO 21572 --- [Lavalink] [main] c.s.l.c.natives.NativeLibraryLoader      : Native library udpqueue: successfully loaded.
2026-03-07T20:01:49.941+07:00  WARN 21572 --- [Lavalink] [main] l.server.config.SentryConfiguration      : Turning off sentry
2026-03-07T20:01:50.129+07:00  INFO 21572 --- [Lavalink] [main] io.undertow                              : starting server: Undertow - 2.3.13.Final
2026-03-07T20:01:50.150+07:00  INFO 21572 --- [Lavalink] [main] org.xnio                                 : XNIO version 3.8.8.Final
2026-03-07T20:01:50.156+07:00  INFO 21572 --- [Lavalink] [main] org.xnio.nio                             : XNIO NIO Implementation Version 3.8.8.Final
2026-03-07T20:01:50.304+07:00  INFO 21572 --- [Lavalink] [main] org.jboss.threads                        : JBoss Threads version 3.5.0.Final
2026-03-07T20:01:50.362+07:00  INFO 21572 --- [Lavalink] [main] o.s.b.w.e.undertow.UndertowWebServer     : Undertow started on port 2333 (http) with context path '/'
2026-03-07T20:01:50.370+07:00  INFO 21572 --- [Lavalink] [main] lavalink.server.Launcher                 : Started Launcher in 2.363 seconds (process running for 6.937)
2026-03-07T20:01:50.371+07:00  INFO 21572 --- [Lavalink] [main] lavalink.server.Launcher                 : Lavalink is ready to accept connections.
2026-03-07T20:02:02.689+07:00  INFO 21572 --- [Lavalink] [SpringApplicationShutdownHook] io.undertow                              : stopping server: Undertow - 2.3.13.Final
2026-03-07T20:02:02.694+07:00  INFO 21572 --- [Lavalink] [SpringApplicationShutdownHook] c.s.d.l.tools.GarbageCollectionMonitor   : GC monitoring disabled.
2026-03-07T20:02:47.165+07:00  INFO 35076 --- [Lavalink] [main] lavalink.server.Launcher                 : Starting Launcher v4.2.2 using Java 23.0.2 with PID 35076 (D:\project\csbot\src\lavalink\Lavalink.jar started by USER in D:\project\csbot\src\lavalink)
2026-03-07T20:02:47.169+07:00  INFO 35076 --- [Lavalink] [main] lavalink.server.Launcher                 : No active profile set, falling back to 1 default profile: "default"
2026-03-07T20:02:47.656+07:00  INFO 35076 --- [Lavalink] [main] o.s.cloud.context.scope.GenericScope     : BeanFactory id=3d6bf653-92ea-3fde-943a-10b9f8cd696e
2026-03-07T20:02:47.903+07:00  INFO 35076 --- [Lavalink] [main] l.server.bootstrap.PluginManager         : Found plugin 'lavasrc-plugin' version '4.8.1'
2026-03-07T20:02:47.904+07:00  INFO 35076 --- [Lavalink] [main] l.server.bootstrap.PluginManager         : Found plugin 'youtube-plugin' version '1.18.0'
2026-03-07T20:02:49.336+07:00  INFO 35076 --- [Lavalink] [main] l.server.bootstrap.PluginManager         : Loaded 'lavasrc-plugin-4.8.1.jar' (202 classes)
2026-03-07T20:02:49.344+07:00  INFO 35076 --- [Lavalink] [main] l.server.bootstrap.PluginManager         : Loaded 'youtube-plugin-1.18.0.jar' (17 classes)
2026-03-07T20:02:49.514+07:00  INFO 35076 --- [Lavalink] [main] lavalink.server.Launcher                 : Started Launcher in 2.762 seconds (process running for 3.265)
2026-03-07T20:02:49.582+07:00  INFO 35076 --- [Lavalink] [main] lavalink.server.Launcher                 : 

[32m       .  [31m _                  _ _       _    [32m__ _ _
[32m      /\\ [31m| | __ ___   ____ _| (_)_ __ | | __[32m\ \ \ \
[32m     ( ( )[31m| |/ _` \ \ / / _` | | | '_ \| |/ /[32m \ \ \ \
[32m      \\/ [31m| | (_| |\ V / (_| | | | | | |   < [32m  ) ) ) )
[32m       '  [31m|_|\__,_| \_/ \__,_|_|_|_| |_|_|\_\[32m / / / /
[0m    =========================================[32m/_/_/_/[0m

	Version:        4.2.2
	Build time:     06.03.2026 23:24:16 UTC
	Branch          HEAD
	Commit:         e8503fd
	Commit time:    06.03.2026 23:21:15 UTC
	JVM:            23.0.2
	Lavaplayer      2.2.6

2026-03-07T20:02:49.591+07:00  INFO 35076 --- [Lavalink] [main] lavalink.server.Launcher                 : No active profile set, falling back to 1 default profile: "default"
2026-03-07T20:02:50.095+07:00  WARN 35076 --- [Lavalink] [main] io.undertow.websockets.jsr               : UT026010: Buffer pool was not set on WebSocketDeploymentInfo, the default pool will be used
2026-03-07T20:02:50.110+07:00  INFO 35076 --- [Lavalink] [main] io.undertow.servlet                      : Initializing Spring embedded WebApplicationContext
2026-03-07T20:02:50.111+07:00  INFO 35076 --- [Lavalink] [main] w.s.c.ServletWebServerApplicationContext : Root WebApplicationContext: initialization completed in 515 ms
2026-03-07T20:02:50.176+07:00  INFO 35076 --- [Lavalink] [main] c.g.t.lavasrc.plugin.LavaSrcPlugin       : Loading LavaSrc plugin...
2026-03-07T20:02:50.220+07:00  INFO 35076 --- [Lavalink] [main] c.g.t.lavasrc.plugin.LavaSrcPlugin       : Registering Youtube Source audio source manager...
2026-03-07T20:02:51.012+07:00  INFO 35076 --- [Lavalink] [main] c.s.d.l.tools.GarbageCollectionMonitor   : GC monitoring enabled, reporting results every 2 minutes.
2026-03-07T20:02:51.243+07:00  INFO 35076 --- [Lavalink] [main] c.g.t.lavasrc.plugin.LavaSrcPlugin       : Registering Spotify audio source manager...
2026-03-07T20:02:51.251+07:00  INFO 35076 --- [Lavalink] [main] d.l.youtube.plugin.YoutubePluginLoader   : Using remote cipher server with URL "http://ejs_signature_api:8001"
2026-03-07T20:02:51.254+07:00  INFO 35076 --- [Lavalink] [main] d.l.youtube.plugin.YoutubePluginLoader   : YouTube source initialised with clients: WEB_REMIX, ANDROID_VR, WEB, WEB_EMBEDDED_PLAYER 
2026-03-07T20:02:51.258+07:00  WARN 35076 --- [Lavalink] [main] l.server.config.SentryConfiguration      : Turning off sentry
2026-03-07T20:02:51.430+07:00  INFO 35076 --- [Lavalink] [main] l.server.config.KoeConfiguration         : OS: WINDOWS, Arch: X86_64
2026-03-07T20:02:51.431+07:00  INFO 35076 --- [Lavalink] [main] l.server.config.KoeConfiguration         : Enabling JDA-NAS
2026-03-07T20:02:51.432+07:00  INFO 35076 --- [Lavalink] [main] c.s.l.c.natives.NativeLibraryLoader      : Native library udpqueue: loading with filter null
2026-03-07T20:02:51.464+07:00  INFO 35076 --- [Lavalink] [main] c.s.l.c.natives.NativeLibraryLoader      : Native library udpqueue: successfully loaded.
2026-03-07T20:02:51.645+07:00  INFO 35076 --- [Lavalink] [main] io.undertow                              : starting server: Undertow - 2.3.13.Final
2026-03-07T20:02:51.653+07:00  INFO 35076 --- [Lavalink] [main] org.xnio                                 : XNIO version 3.8.8.Final
2026-03-07T20:02:51.660+07:00  INFO 35076 --- [Lavalink] [main] org.xnio.nio                             : XNIO NIO Implementation Version 3.8.8.Final
2026-03-07T20:02:51.735+07:00  INFO 35076 --- [Lavalink] [main] org.jboss.threads                        : JBoss Threads version 3.5.0.Final
2026-03-07T20:02:51.794+07:00  INFO 35076 --- [Lavalink] [main] o.s.b.w.e.undertow.UndertowWebServer     : Undertow started on port 2333 (http) with context path '/'
2026-03-07T20:02:51.801+07:00  INFO 35076 --- [Lavalink] [main] lavalink.server.Launcher                 : Started Launcher in 2.281 seconds (process running for 5.553)
2026-03-07T20:02:51.803+07:00  INFO 35076 --- [Lavalink] [main] lavalink.server.Launcher                 : Lavalink is ready to accept connections.
2026-03-07T20:03:01.458+07:00  INFO 35076 --- [Lavalink] [XNIO-1 task-2] io.undertow.servlet                      : Initializing Spring DispatcherServlet 'dispatcherServlet'
2026-03-07T20:03:01.459+07:00  INFO 35076 --- [Lavalink] [XNIO-1 task-2] o.s.web.servlet.DispatcherServlet        : Initializing Servlet 'dispatcherServlet'
2026-03-07T20:03:01.462+07:00  INFO 35076 --- [Lavalink] [XNIO-1 task-2] o.s.web.servlet.DispatcherServlet        : Completed initialization in 1 ms
2026-03-07T20:03:01.488+07:00  INFO 35076 --- [Lavalink] [XNIO-1 task-2] l.server.io.HandshakeInterceptorImpl     : Incoming connection from /[0:0:0:0:0:0:0:1]:57497
2026-03-07T20:03:01.505+07:00  INFO 35076 --- [Lavalink] [XNIO-1 task-2] l.server.io.RequestLoggingFilter         : GET /v4/websocket
2026-03-07T20:03:01.533+07:00  INFO 35076 --- [Lavalink] [XNIO-1 task-2] c.s.l.c.natives.NativeLibraryLoader      : Native library dave-jvm: loading with filter null
2026-03-07T20:03:01.582+07:00  INFO 35076 --- [Lavalink] [XNIO-1 task-2] c.s.l.c.natives.NativeLibraryLoader      : Native library dave-jvm: successfully loaded.
2026-03-07T20:03:01.606+07:00  INFO 35076 --- [Lavalink] [XNIO-1 task-2] lavalink.server.io.SocketServer          : Connection successfully established from Wavelink/3.4.1
2026-03-07T20:03:01.831+07:00  INFO 35076 --- [Lavalink] [XNIO-1 task-3] l.server.io.RequestLoggingFilter         : PATCH /v4/sessions/re53aa4fh0nrss49, payload={"resuming": true, "timeout": 60}
2026-03-07T20:03:01.846+07:00  INFO 35076 --- [Lavalink] [XNIO-1 task-3] l.server.io.RequestLoggingFilter         : GET /v4/info
2026-03-07T20:03:06.580+07:00  WARN 35076 --- [Lavalink] [XNIO-1 task-3] .w.s.m.s.DefaultHandlerExceptionResolver : Resolved [org.springframework.http.converter.HttpMessageNotReadableException: Could not read kotlinx.serialization.json.JsonImpl@4dd40df8: Field 'channelId' is required for type with serial name 'dev.arbjerg.lavalink.protocol.v4.VoiceState', but it was missing at path: $.voice]
2026-03-07T20:03:06.580+07:00  INFO 35076 --- [Lavalink] [XNIO-1 task-3] l.server.io.RequestLoggingFilter         : PATCH /v4/sessions/re53aa4fh0nrss49/players/979689935063875584?noReplace=True, payload={"voice": {"sessionId": "9fe990fdd3132911b5eb09d56a7055ba", "token": "85466de0e8d7fb30", "endpoint": "c-jnb04-90dc6ebf.discord.media:2053"}}
2026-03-07T20:03:06.611+07:00  INFO 35076 --- [Lavalink] [XNIO-1 task-3] l.server.io.RequestLoggingFilter         : DELETE /v4/sessions/re53aa4fh0nrss49/players/979689935063875584
2026-03-07T20:03:26.495+07:00  WARN 35076 --- [Lavalink] [XNIO-1 task-3] .w.s.m.s.DefaultHandlerExceptionResolver : Resolved [org.springframework.http.converter.HttpMessageNotReadableException: Could not read kotlinx.serialization.json.JsonImpl@4dd40df8: Field 'channelId' is required for type with serial name 'dev.arbjerg.lavalink.protocol.v4.VoiceState', but it was missing at path: $.voice]
2026-03-07T20:03:26.495+07:00  INFO 35076 --- [Lavalink] [XNIO-1 task-3] l.server.io.RequestLoggingFilter         : PATCH /v4/sessions/re53aa4fh0nrss49/players/979689935063875584?noReplace=True, payload={"voice": {"sessionId": "9fe990fdd3132911b5eb09d56a7055ba", "token": "ab3a36d1e4bdd190", "endpoint": "c-jnb04-90dc6ebf.discord.media:2053"}}
2026-03-07T20:03:26.497+07:00  INFO 35076 --- [Lavalink] [XNIO-1 task-3] l.server.io.RequestLoggingFilter         : DELETE /v4/sessions/re53aa4fh0nrss49/players/979689935063875584
2026-03-07T20:03:29.770+07:00  INFO 35076 --- [Lavalink] [XNIO-1 I/O-21] lavalink.server.io.SocketServer          : Connection closed from /[0:0:0:0:0:0:0:1]:57497 with status CloseStatus[code=1006, reason=] -- Session can be resumed within the next 60 seconds with id re53aa4fh0nrss49
2026-03-07T20:03:36.036+07:00  INFO 35076 --- [Lavalink] [XNIO-1 task-3] l.server.io.HandshakeInterceptorImpl     : Incoming connection from /[0:0:0:0:0:0:0:1]:51895
2026-03-07T20:03:36.036+07:00  INFO 35076 --- [Lavalink] [XNIO-1 task-3] l.server.io.RequestLoggingFilter         : GET /v4/websocket
2026-03-07T20:03:36.038+07:00  INFO 35076 --- [Lavalink] [XNIO-1 task-3] lavalink.server.io.SocketServer          : Connection successfully established from Wavelink/3.4.1
2026-03-07T20:03:36.041+07:00  INFO 35076 --- [Lavalink] [XNIO-1 task-3] l.server.io.RequestLoggingFilter         : PATCH /v4/sessions/5d7jmxb2lw7gjgu7, payload={"resuming": true, "timeout": 60}
2026-03-07T20:03:36.044+07:00  INFO 35076 --- [Lavalink] [XNIO-1 task-3] l.server.io.RequestLoggingFilter         : GET /v4/info
2026-03-07T20:04:08.525+07:00  INFO 35076 --- [Lavalink] [XNIO-1 I/O-18] lavalink.server.io.SocketServer          : Connection closed from /[0:0:0:0:0:0:0:1]:51895 with status CloseStatus[code=1006, reason=] -- Session can be resumed within the next 60 seconds with id 5d7jmxb2lw7gjgu7
2026-03-07T20:04:14.685+07:00  INFO 35076 --- [Lavalink] [XNIO-1 task-3] l.server.io.HandshakeInterceptorImpl     : Incoming connection from /[0:0:0:0:0:0:0:1]:56581
2026-03-07T20:04:14.685+07:00  INFO 35076 --- [Lavalink] [XNIO-1 task-3] l.server.io.RequestLoggingFilter         : GET /v4/websocket
2026-03-07T20:04:14.686+07:00  INFO 35076 --- [Lavalink] [XNIO-1 task-3] lavalink.server.io.SocketServer          : Connection successfully established from Wavelink/3.4.1
2026-03-07T20:04:14.689+07:00  INFO 35076 --- [Lavalink] [XNIO-1 task-3] l.server.io.RequestLoggingFilter         : PATCH /v4/sessions/rcxmtf73z4ywvt24, payload={"resuming": true, "timeout": 60}
2026-03-07T20:04:14.690+07:00  INFO 35076 --- [Lavalink] [XNIO-1 task-3] l.server.io.RequestLoggingFilter         : GET /v4/info
2026-03-07T20:04:17.604+07:00  WARN 35076 --- [Lavalink] [XNIO-1 task-3] .w.s.m.s.DefaultHandlerExceptionResolver : Resolved [org.springframework.http.converter.HttpMessageNotReadableException: Could not read kotlinx.serialization.json.JsonImpl@4dd40df8: Field 'channelId' is required for type with serial name 'dev.arbjerg.lavalink.protocol.v4.VoiceState', but it was missing at path: $.voice]
2026-03-07T20:04:17.604+07:00  INFO 35076 --- [Lavalink] [XNIO-1 task-3] l.server.io.RequestLoggingFilter         : PATCH /v4/sessions/rcxmtf73z4ywvt24/players/979689935063875584?noReplace=True, payload={"voice": {"sessionId": "2dbb67ddbc0fb9ab54ce28e36e84fe75", "token": "5c61ddcd1dc91f96", "endpoint": "c-jnb04-90dc6ebf.discord.media:2053"}}
2026-03-07T20:04:17.607+07:00  INFO 35076 --- [Lavalink] [XNIO-1 task-3] l.server.io.RequestLoggingFilter         : DELETE /v4/sessions/rcxmtf73z4ywvt24/players/979689935063875584
2026-03-07T20:04:29.782+07:00  INFO 35076 --- [Lavalink] [pool-2-thread-1] lavalink.server.io.SocketContext         : Shutting down 0 playing players.
2026-03-07T20:04:39.223+07:00  INFO 35076 --- [Lavalink] [XNIO-1 I/O-3] lavalink.server.io.SocketServer          : Connection closed from /[0:0:0:0:0:0:0:1]:56581 with status CloseStatus[code=1006, reason=] -- Session can be resumed within the next 60 seconds with id rcxmtf73z4ywvt24
2026-03-07T20:05:08.527+07:00  INFO 35076 --- [Lavalink] [pool-3-thread-1] lavalink.server.io.SocketContext         : Shutting down 0 playing players.
2026-03-07T20:05:20.116+07:00  INFO 35076 --- [Lavalink] [XNIO-1 task-3] l.server.io.HandshakeInterceptorImpl     : Incoming connection from /[0:0:0:0:0:0:0:1]:52921
2026-03-07T20:05:20.117+07:00  INFO 35076 --- [Lavalink] [XNIO-1 task-3] l.server.io.RequestLoggingFilter         : GET /v4/websocket
2026-03-07T20:05:20.117+07:00  INFO 35076 --- [Lavalink] [XNIO-1 task-3] lavalink.server.io.SocketServer          : Connection successfully established from Wavelink/3.4.1
2026-03-07T20:05:20.120+07:00  INFO 35076 --- [Lavalink] [XNIO-1 task-3] l.server.io.RequestLoggingFilter         : PATCH /v4/sessions/z1a1165ey0qxdfic, payload={"resuming": true, "timeout": 60}
2026-03-07T20:05:20.122+07:00  INFO 35076 --- [Lavalink] [XNIO-1 task-3] l.server.io.RequestLoggingFilter         : GET /v4/info
2026-03-07T20:05:33.875+07:00  WARN 35076 --- [Lavalink] [XNIO-1 task-3] .w.s.m.s.DefaultHandlerExceptionResolver : Resolved [org.springframework.http.converter.HttpMessageNotReadableException: Could not read kotlinx.serialization.json.JsonImpl@4dd40df8: Field 'channelId' is required for type with serial name 'dev.arbjerg.lavalink.protocol.v4.VoiceState', but it was missing at path: $.voice]
2026-03-07T20:05:33.876+07:00  INFO 35076 --- [Lavalink] [XNIO-1 task-3] l.server.io.RequestLoggingFilter         : PATCH /v4/sessions/z1a1165ey0qxdfic/players/979689935063875584?noReplace=True, payload={"voice": {"sessionId": "e32a4bfd638a3283bbe19dd0f59cd2ce", "token": "58b99e452274469f", "endpoint": "c-jnb04-90dc6ebf.discord.media:2053"}}
2026-03-07T20:05:33.878+07:00  INFO 35076 --- [Lavalink] [XNIO-1 task-3] l.server.io.RequestLoggingFilter         : DELETE /v4/sessions/z1a1165ey0qxdfic/players/979689935063875584
2026-03-07T20:05:39.230+07:00  INFO 35076 --- [Lavalink] [pool-4-thread-1] lavalink.server.io.SocketContext         : Shutting down 0 playing players.
2026-03-07T20:08:19.953+07:00  INFO 35076 --- [Lavalink] [XNIO-1 I/O-26] lavalink.server.io.SocketServer          : Connection closed from /[0:0:0:0:0:0:0:1]:52921 with status CloseStatus[code=1006, reason=] -- Session can be resumed within the next 60 seconds with id z1a1165ey0qxdfic
2026-03-07T20:08:28.779+07:00  INFO 35076 --- [Lavalink] [XNIO-1 task-3] l.server.io.HandshakeInterceptorImpl     : Incoming connection from /[0:0:0:0:0:0:0:1]:64742
2026-03-07T20:08:28.780+07:00  INFO 35076 --- [Lavalink] [XNIO-1 task-3] l.server.io.RequestLoggingFilter         : GET /v4/websocket
2026-03-07T20:08:28.781+07:00  INFO 35076 --- [Lavalink] [XNIO-1 task-3] lavalink.server.io.SocketServer          : Connection successfully established from Wavelink/3.4.1
2026-03-07T20:08:28.784+07:00  INFO 35076 --- [Lavalink] [XNIO-1 task-3] l.server.io.RequestLoggingFilter         : PATCH /v4/sessions/wonnz3fw1nqq9ynt, payload={"resuming": true, "timeout": 60}
2026-03-07T20:08:28.784+07:00  INFO 35076 --- [Lavalink] [XNIO-1 task-3] l.server.io.RequestLoggingFilter         : GET /v4/info
2026-03-07T20:08:40.716+07:00  WARN 35076 --- [Lavalink] [XNIO-1 task-3] .w.s.m.s.DefaultHandlerExceptionResolver : Resolved [org.springframework.http.converter.HttpMessageNotReadableException: Could not read kotlinx.serialization.json.JsonImpl@4dd40df8: Field 'channelId' is required for type with serial name 'dev.arbjerg.lavalink.protocol.v4.VoiceState', but it was missing at path: $.voice]
2026-03-07T20:08:40.716+07:00  INFO 35076 --- [Lavalink] [XNIO-1 task-3] l.server.io.RequestLoggingFilter         : PATCH /v4/sessions/wonnz3fw1nqq9ynt/players/979689935063875584?noReplace=True, payload={"voice": {"sessionId": "d6c11865d5480c4d32d9c5cc8df5f57c", "token": "a21c5a468e7e6226", "endpoint": "c-jnb04-90dc6ebf.discord.media:2053"}}
2026-03-07T20:08:40.718+07:00  INFO 35076 --- [Lavalink] [XNIO-1 task-3] l.server.io.RequestLoggingFilter         : DELETE /v4/sessions/wonnz3fw1nqq9ynt/players/979689935063875584
2026-03-07T20:09:19.968+07:00  INFO 35076 --- [Lavalink] [pool-5-thread-1] lavalink.server.io.SocketContext         : Shutting down 0 playing players.
2026-03-07T20:15:23.958+07:00  INFO 35076 --- [Lavalink] [XNIO-1 I/O-5] lavalink.server.io.SocketServer          : Connection closed from /[0:0:0:0:0:0:0:1]:64742 with status CloseStatus[code=1006, reason=] -- Session can be resumed within the next 60 seconds with id wonnz3fw1nqq9ynt
2026-03-07T20:15:30.600+07:00  INFO 35076 --- [Lavalink] [XNIO-1 task-3] l.server.io.HandshakeInterceptorImpl     : Incoming connection from /[0:0:0:0:0:0:0:1]:59988
2026-03-07T20:15:30.601+07:00  INFO 35076 --- [Lavalink] [XNIO-1 task-3] l.server.io.RequestLoggingFilter         : GET /v4/websocket
2026-03-07T20:15:30.602+07:00  INFO 35076 --- [Lavalink] [XNIO-1 task-3] lavalink.server.io.SocketServer          : Connection successfully established from Wavelink/3.4.1
2026-03-07T20:15:30.605+07:00  INFO 35076 --- [Lavalink] [XNIO-1 task-3] l.server.io.RequestLoggingFilter         : PATCH /v4/sessions/vd1aj1txf69kgrg5, payload={"resuming": true, "timeout": 60}
2026-03-07T20:15:30.606+07:00  INFO 35076 --- [Lavalink] [XNIO-1 task-3] l.server.io.RequestLoggingFilter         : GET /v4/info
2026-03-07T20:15:32.409+07:00  WARN 35076 --- [Lavalink] [XNIO-1 task-3] .w.s.m.s.DefaultHandlerExceptionResolver : Resolved [org.springframework.http.converter.HttpMessageNotReadableException: Could not read kotlinx.serialization.json.JsonImpl@4dd40df8: Field 'channelId' is required for type with serial name 'dev.arbjerg.lavalink.protocol.v4.VoiceState', but it was missing at path: $.voice]
2026-03-07T20:15:32.409+07:00  INFO 35076 --- [Lavalink] [XNIO-1 task-3] l.server.io.RequestLoggingFilter         : PATCH /v4/sessions/vd1aj1txf69kgrg5/players/979689935063875584?noReplace=True, payload={"voice": {"sessionId": "6177c5648eaeb6828c170d1a7dbe838b", "token": "3430e378d2fccb3c", "endpoint": "c-jnb04-90dc6ebf.discord.media:2053"}}
2026-03-07T20:15:32.411+07:00  INFO 35076 --- [Lavalink] [XNIO-1 task-3] l.server.io.RequestLoggingFilter         : DELETE /v4/sessions/vd1aj1txf69kgrg5/players/979689935063875584
2026-03-07T20:16:23.960+07:00  INFO 35076 --- [Lavalink] [pool-6-thread-1] lavalink.server.io.SocketContext         : Shutting down 0 playing players.
2026-03-07T20:19:14.371+07:00  INFO 35076 --- [Lavalink] [XNIO-1 I/O-19] lavalink.server.io.SocketServer          : Connection closed from /[0:0:0:0:0:0:0:1]:59988 with status CloseStatus[code=1006, reason=] -- Session can be resumed within the next 60 seconds with id vd1aj1txf69kgrg5
2026-03-07T20:19:20.791+07:00  INFO 35076 --- [Lavalink] [XNIO-1 task-3] l.server.io.HandshakeInterceptorImpl     : Incoming connection from /[0:0:0:0:0:0:0:1]:57421
2026-03-07T20:19:20.793+07:00  INFO 35076 --- [Lavalink] [XNIO-1 task-3] l.server.io.RequestLoggingFilter         : GET /v4/websocket
2026-03-07T20:19:20.794+07:00  INFO 35076 --- [Lavalink] [XNIO-1 task-3] lavalink.server.io.SocketServer          : Connection successfully established from Wavelink/3.4.1
2026-03-07T20:19:20.796+07:00  INFO 35076 --- [Lavalink] [XNIO-1 task-3] l.server.io.RequestLoggingFilter         : PATCH /v4/sessions/t84cu5e23ppt7d10, payload={"resuming": true, "timeout": 60}
2026-03-07T20:19:20.798+07:00  INFO 35076 --- [Lavalink] [XNIO-1 task-3] l.server.io.RequestLoggingFilter         : GET /v4/info
2026-03-07T20:19:27.340+07:00  INFO 35076 --- [Lavalink] [XNIO-1 task-3] l.server.io.RequestLoggingFilter         : PATCH /v4/sessions/t84cu5e23ppt7d10/players/979689935063875584?noReplace=True, payload={"voice": {"sessionId": "72fce68e828063cbfe3c29b220d229f5", "token": "d2c09d78bac9bee1", "endpoint": "c-jnb04-90dc6ebf.discord.media:2053", "channelId": "979689935743377472"}}
2026-03-07T20:19:39.227+07:00  INFO 35076 --- [Lavalink] [XNIO-1 task-3] l.server.io.RequestLoggingFilter         : DELETE /v4/sessions/t84cu5e23ppt7d10/players/979689935063875584
2026-03-07T20:19:39.640+07:00  INFO 35076 --- [Lavalink] [XNIO-1 I/O-23] lavalink.server.io.SocketServer          : Connection closed from /[0:0:0:0:0:0:0:1]:57421 with status CloseStatus[code=1006, reason=] -- Session can be resumed within the next 60 seconds with id t84cu5e23ppt7d10
2026-03-07T20:20:14.378+07:00  INFO 35076 --- [Lavalink] [pool-7-thread-1] lavalink.server.io.SocketContext         : Shutting down 0 playing players.
2026-03-07T20:20:20.885+07:00  INFO 35076 --- [Lavalink] [XNIO-1 task-3] l.server.io.HandshakeInterceptorImpl     : Incoming connection from /[0:0:0:0:0:0:0:1]:61580
2026-03-07T20:20:20.886+07:00  INFO 35076 --- [Lavalink] [XNIO-1 task-3] l.server.io.RequestLoggingFilter         : GET /v4/websocket
2026-03-07T20:20:20.887+07:00  INFO 35076 --- [Lavalink] [XNIO-1 task-3] lavalink.server.io.SocketServer          : Connection successfully established from Wavelink/3.4.1
2026-03-07T20:20:20.890+07:00  INFO 35076 --- [Lavalink] [XNIO-1 task-2] l.server.io.RequestLoggingFilter         : PATCH /v4/sessions/53izsid00hhx3vsv, payload={"resuming": true, "timeout": 60}
2026-03-07T20:20:20.891+07:00  INFO 35076 --- [Lavalink] [XNIO-1 task-2] l.server.io.RequestLoggingFilter         : GET /v4/info
2026-03-07T20:20:28.898+07:00  INFO 35076 --- [Lavalink] [XNIO-1 task-2] l.server.io.RequestLoggingFilter         : PATCH /v4/sessions/53izsid00hhx3vsv/players/979689935063875584?noReplace=True, payload={"voice": {"sessionId": "b77d1efe73f70dc455cc43535d193f08", "token": "27fb5b58eb1fca4c", "endpoint": "c-jnb04-90dc6ebf.discord.media:2053", "channelId": "979689935743377472"}}
2026-03-07T20:20:29.157+07:00  INFO 35076 --- [Lavalink] [XNIO-1 task-2] l.server.player.AudioLoaderRestHandler   : Got request to load for identifier "ytmsearch:Nobody kaiju No8"
2026-03-07T20:20:29.701+07:00  INFO 35076 --- [Lavalink] [XNIO-1 task-2] l.server.player.AudioLoaderRestHandler   : Loaded playlist Search music results for: Nobody kaiju No8
2026-03-07T20:20:29.719+07:00  INFO 35076 --- [Lavalink] [XNIO-1 task-2] l.server.io.RequestLoggingFilter         : GET /v4/loadtracks?identifier=ytmsearch:Nobody%20kaiju%20No8
2026-03-07T20:20:29.723+07:00  INFO 35076 --- [Lavalink] [XNIO-1 task-2] l.server.io.RequestLoggingFilter         : PATCH /v4/sessions/53izsid00hhx3vsv/players/979689935063875584?noReplace=True, payload={"volume": 70}
2026-03-07T20:20:29.734+07:00  INFO 35076 --- [Lavalink] [XNIO-1 task-2] l.server.io.RequestLoggingFilter         : PATCH /v4/sessions/53izsid00hhx3vsv/players/979689935063875584?noReplace=False, payload={"track": {"encoded": "QAABAAMAGU5vYm9keSAoZnJvbSBLYWlqdSBOby4gOCkAC09uZVJlcHVibGljAAAAAAACWZAAC092R1lTZk1KZjQwAAEAK2h0dHBzOi8vd3d3LnlvdXR1YmUuY29tL3dhdGNoP3Y9T3ZHWVNmTUpmNDABAH5odHRwczovL2xoMy5nb29nbGV1c2VyY29udGVudC5jb20vQkFfU3B2MlduS0ZkRjlsSFlfdHRQNmxDaExmaV9keUVSVlF5dnVEQlBKSFFoYUZSTEdSbDJCaEROcFZGUm96ZklMVWRwQ2MxdVktTjJsZm09dzEwMDAtaDEwMDAAAAd5b3V0dWJlAAAAAAAAAAA=", "userData": {"requester": "littlxbirdd", "requester_icon": "https://cdn.discordapp.com/avatars/407176297991634954/4d2b1c83b62d1d5d3efb167867ec81a6.png?size=1024", "source": "youtube", "thumb": "https://lh3.googleusercontent.com/BA_Spv2WnKFdF9lHY_ttP6lChLfi_dyERVQyvuDBPJHQhaFRLGRl2BhDNpVFRozfILUdpCc1uY-N2lfm=w1000-h1000"}}, "volume": 70, "position": 0, "endTime": null, "paused": false, "filters": {"equalizer": [{"band": 0, "gain": 0.0}, {"band": 1, "gain": 0.0}, {"band": 2, "gain": 0.0}, {"band": 3, "gain": 0.0}, {"band": 4, "gain": 0.0}, {"band": 5, "gain": 0.0}, {"band": 6, "gain": 0.0}, {"band": 7, "gain": 0.0}, {"band": 8, "gain": 0.0}, {"band": 9, "gain": 0.0}, {"band": 10, "gain": 0.0}, {"band": 11, "gain": 0.0}, {"band": 12, "gain": 0.0}, {"band": 13, "gain": 0.0}, {"band": 14, "gain": 0.0}]}}
2026-03-07T20:20:29.736+07:00  INFO 35076 --- [Lavalink] [XNIO-1 task-2] l.server.player.AudioLoaderRestHandler   : Got request to load for identifier "https://music.youtube.com/watch?v=OvGYSfMJf408&list=RDOvGYSfMJf40"
2026-03-07T20:20:29.839+07:00  INFO 35076 --- [Lavalink] [lava-daemon-pool-playback-1-thread-1] d.l.y.http.YoutubeAccessTokenTracker     : Updating YouTube visitor id succeeded, new one is CgtpRGw3YmtBVWVVOCjry7DNBjIKCgJUSBIEGgAgVjoMCAEgifio1re9idZpYt8CCtwCMTYuWVQ9c0hETkZkdEdrOElvajE5X2VPUHRUQ2ZIZ2Ixc21nVS1CM1pETFhFTnFMYlgtbTZhSFBnYjZhQVBMRWlhZlNCOWJRaWg4S2lRV3UzUWhuaHZ1Ty1kX1dFdnBQaTNkelRQOHdMSU9nYnlUeW81QkU2SjQtYWd0WUxIS0xydzdyei1NVWdNbHdKZTFySmhHMy1QNWNKdTZIb0IyWVRtZ01LNVZNSllrZkgxTVVkczFLUnIxYTJBbnFMaF9fWnlvTm93NHVGU1dTYUJUTTJKZkNncEtWT1hOYzRpa2ozcHlLTGx6UGM1cFREMHdkN0V6dnltWFZCSWJsNjhWTE5RR0VlWVROR29LM3RoRkw5OWwtalpsaTc5bTBMRUdQazNiX1dmT3RSWno0bjBJQXMxNDBVenJlVzZQY1gwNEhBMkwyZEF4SHpDR3NwbEpEY1Nnc0oxYnFYcEhB, next update will be after 600 seconds.
2026-03-07T20:20:30.619+07:00  INFO 35076 --- [Lavalink] [XNIO-1 task-2] l.server.player.AudioLoaderRestHandler   : Loaded playlist Mix - Nobody (from Kaiju No. 8)
2026-03-07T20:20:30.627+07:00  INFO 35076 --- [Lavalink] [XNIO-1 task-2] l.server.io.RequestLoggingFilter         : GET /v4/loadtracks?identifier=https://music.youtube.com/watch?v%3DOvGYSfMJf408%26list%3DRDOvGYSfMJf40
2026-03-07T20:20:39.646+07:00  INFO 35076 --- [Lavalink] [pool-8-thread-1] lavalink.server.io.SocketContext         : Shutting down 0 playing players.
2026-03-07T20:20:39.740+07:00  WARN 35076 --- [Lavalink] [nioEventLoopGroup-2-37] lavalink.server.player.EventEmitter      : Nobody (from Kaiju No. 8) got stuck! Threshold surpassed: 10000ms
2026-03-07T20:20:40.091+07:00  INFO 35076 --- [Lavalink] [XNIO-1 task-2] l.server.io.RequestLoggingFilter         : DELETE /v4/sessions/53izsid00hhx3vsv/players/979689935063875584
2026-03-07T20:20:56.177+07:00  INFO 35076 --- [Lavalink] [XNIO-1 I/O-22] lavalink.server.io.SocketServer          : Connection closed from /[0:0:0:0:0:0:0:1]:61580 with status CloseStatus[code=1006, reason=] -- Session can be resumed within the next 60 seconds with id 53izsid00hhx3vsv
2026-03-07T20:21:56.189+07:00  INFO 35076 --- [Lavalink] [pool-9-thread-1] lavalink.server.io.SocketContext         : Shutting down 0 playing players.
2026-03-07T20:41:25.027+07:00  INFO 30892 --- [Lavalink] [main] lavalink.server.Launcher                 : Starting Launcher v4.2.2 using Java 23.0.2 with PID 30892 (D:\project\csbot\src\lavalink\Lavalink.jar started by USER in D:\project\csbot\src\lavalink)
2026-03-07T20:41:25.031+07:00  INFO 30892 --- [Lavalink] [main] lavalink.server.Launcher                 : No active profile set, falling back to 1 default profile: "default"
2026-03-07T20:41:25.501+07:00  INFO 30892 --- [Lavalink] [main] o.s.cloud.context.scope.GenericScope     : BeanFactory id=3d6bf653-92ea-3fde-943a-10b9f8cd696e
2026-03-07T20:41:25.763+07:00  INFO 30892 --- [Lavalink] [main] l.server.bootstrap.PluginManager         : Found plugin 'lavasrc-plugin' version '4.8.1'
2026-03-07T20:41:25.763+07:00  INFO 30892 --- [Lavalink] [main] l.server.bootstrap.PluginManager         : Found plugin 'youtube-plugin' version '1.18.0'
2026-03-07T20:41:27.201+07:00  INFO 30892 --- [Lavalink] [main] l.server.bootstrap.PluginManager         : Loaded 'lavasrc-plugin-4.8.1.jar' (202 classes)
2026-03-07T20:41:27.209+07:00  INFO 30892 --- [Lavalink] [main] l.server.bootstrap.PluginManager         : Loaded 'youtube-plugin-1.18.0.jar' (17 classes)
2026-03-07T20:41:27.366+07:00  INFO 30892 --- [Lavalink] [main] lavalink.server.Launcher                 : Started Launcher in 2.769 seconds (process running for 3.262)
2026-03-07T20:41:27.432+07:00  INFO 30892 --- [Lavalink] [main] lavalink.server.Launcher                 : 

[32m       .  [31m _                  _ _       _    [32m__ _ _
[32m      /\\ [31m| | __ ___   ____ _| (_)_ __ | | __[32m\ \ \ \
[32m     ( ( )[31m| |/ _` \ \ / / _` | | | '_ \| |/ /[32m \ \ \ \
[32m      \\/ [31m| | (_| |\ V / (_| | | | | | |   < [32m  ) ) ) )
[32m       '  [31m|_|\__,_| \_/ \__,_|_|_|_| |_|_|\_\[32m / / / /
[0m    =========================================[32m/_/_/_/[0m

	Version:        4.2.2
	Build time:     06.03.2026 23:24:16 UTC
	Branch          HEAD
	Commit:         e8503fd
	Commit time:    06.03.2026 23:21:15 UTC
	JVM:            23.0.2
	Lavaplayer      2.2.6

2026-03-07T20:41:27.444+07:00  INFO 30892 --- [Lavalink] [main] lavalink.server.Launcher                 : No active profile set, falling back to 1 default profile: "default"
2026-03-07T20:41:27.956+07:00  WARN 30892 --- [Lavalink] [main] io.undertow.websockets.jsr               : UT026010: Buffer pool was not set on WebSocketDeploymentInfo, the default pool will be used
2026-03-07T20:41:27.973+07:00  INFO 30892 --- [Lavalink] [main] io.undertow.servlet                      : Initializing Spring embedded WebApplicationContext
2026-03-07T20:41:27.973+07:00  INFO 30892 --- [Lavalink] [main] w.s.c.ServletWebServerApplicationContext : Root WebApplicationContext: initialization completed in 524 ms
2026-03-07T20:41:28.039+07:00  INFO 30892 --- [Lavalink] [main] c.g.t.lavasrc.plugin.LavaSrcPlugin       : Loading LavaSrc plugin...
2026-03-07T20:41:28.081+07:00  INFO 30892 --- [Lavalink] [main] c.g.t.lavasrc.plugin.LavaSrcPlugin       : Registering Youtube Source audio source manager...
2026-03-07T20:41:28.997+07:00  INFO 30892 --- [Lavalink] [main] c.s.d.l.tools.GarbageCollectionMonitor   : GC monitoring enabled, reporting results every 2 minutes.
2026-03-07T20:41:29.576+07:00  INFO 30892 --- [Lavalink] [main] c.g.t.lavasrc.plugin.LavaSrcPlugin       : Registering Spotify audio source manager...
2026-03-07T20:41:29.588+07:00  INFO 30892 --- [Lavalink] [main] d.l.youtube.plugin.YoutubePluginLoader   : Using remote cipher server with URL "http://localhost:8001"
2026-03-07T20:41:29.593+07:00  INFO 30892 --- [Lavalink] [main] d.l.youtube.plugin.YoutubePluginLoader   : YouTube source initialised with clients: WEB_REMIX, ANDROID_VR, WEB, WEB_EMBEDDED_PLAYER 
2026-03-07T20:41:29.599+07:00  WARN 30892 --- [Lavalink] [main] l.server.config.SentryConfiguration      : Turning off sentry
2026-03-07T20:41:29.744+07:00  INFO 30892 --- [Lavalink] [main] l.server.config.KoeConfiguration         : OS: WINDOWS, Arch: X86_64
2026-03-07T20:41:29.744+07:00  INFO 30892 --- [Lavalink] [main] l.server.config.KoeConfiguration         : Enabling JDA-NAS
2026-03-07T20:41:29.747+07:00  INFO 30892 --- [Lavalink] [main] c.s.l.c.natives.NativeLibraryLoader      : Native library udpqueue: loading with filter null
2026-03-07T20:41:29.780+07:00  INFO 30892 --- [Lavalink] [main] c.s.l.c.natives.NativeLibraryLoader      : Native library udpqueue: successfully loaded.
2026-03-07T20:41:29.939+07:00  INFO 30892 --- [Lavalink] [main] io.undertow                              : starting server: Undertow - 2.3.13.Final
2026-03-07T20:41:29.947+07:00  INFO 30892 --- [Lavalink] [main] org.xnio                                 : XNIO version 3.8.8.Final
2026-03-07T20:41:29.953+07:00  INFO 30892 --- [Lavalink] [main] org.xnio.nio                             : XNIO NIO Implementation Version 3.8.8.Final
2026-03-07T20:41:30.027+07:00  INFO 30892 --- [Lavalink] [main] org.jboss.threads                        : JBoss Threads version 3.5.0.Final
2026-03-07T20:41:30.085+07:00  INFO 30892 --- [Lavalink] [main] io.undertow                              : stopping server: Undertow - 2.3.13.Final
2026-03-07T20:41:30.086+07:00  WARN 30892 --- [Lavalink] [main] ConfigServletWebServerApplicationContext : Exception encountered during context initialization - cancelling refresh attempt: org.springframework.context.ApplicationContextException: Failed to start bean 'webServerStartStop'
2026-03-07T20:41:30.087+07:00  INFO 30892 --- [Lavalink] [main] c.s.d.l.tools.GarbageCollectionMonitor   : GC monitoring disabled.
2026-03-07T20:41:30.091+07:00 ERROR 30892 --- [Lavalink] [main] lavalink.server.Launcher                 : Application failed

org.springframework.context.ApplicationContextException: Failed to start bean 'webServerStartStop'
	at org.springframework.context.support.DefaultLifecycleProcessor.doStart(DefaultLifecycleProcessor.java:288) ~[spring-context-6.1.9.jar!/:6.1.9]
	at org.springframework.context.support.DefaultLifecycleProcessor$LifecycleGroup.start(DefaultLifecycleProcessor.java:469) ~[spring-context-6.1.9.jar!/:6.1.9]
	at java.base/java.lang.Iterable.forEach(Iterable.java:75) ~[na:na]
	at org.springframework.context.support.DefaultLifecycleProcessor.startBeans(DefaultLifecycleProcessor.java:257) ~[spring-context-6.1.9.jar!/:6.1.9]
	at org.springframework.context.support.DefaultLifecycleProcessor.onRefresh(DefaultLifecycleProcessor.java:202) ~[spring-context-6.1.9.jar!/:6.1.9]
	at org.springframework.context.support.AbstractApplicationContext.finishRefresh(AbstractApplicationContext.java:981) ~[spring-context-6.1.9.jar!/:6.1.9]
	at org.springframework.context.support.AbstractApplicationContext.refresh(AbstractApplicationContext.java:627) ~[spring-context-6.1.9.jar!/:6.1.9]
	at org.springframework.boot.web.servlet.context.ServletWebServerApplicationContext.refresh(ServletWebServerApplicationContext.java:146) ~[spring-boot-3.3.0.jar!/:3.3.0]
	at org.springframework.boot.SpringApplication.refresh(SpringApplication.java:754) ~[spring-boot-3.3.0.jar!/:3.3.0]
	at org.springframework.boot.SpringApplication.refreshContext(SpringApplication.java:456) ~[spring-boot-3.3.0.jar!/:3.3.0]
	at org.springframework.boot.SpringApplication.run(SpringApplication.java:335) ~[spring-boot-3.3.0.jar!/:3.3.0]
	at org.springframework.boot.builder.SpringApplicationBuilder.run(SpringApplicationBuilder.java:149) ~[spring-boot-3.3.0.jar!/:3.3.0]
	at lavalink.server.Launcher.launchMain(Launcher.kt:164) ~[classes!/:4.2.2]
	at lavalink.server.Launcher.main(Launcher.kt:126) ~[classes!/:4.2.2]
	at java.base/jdk.internal.reflect.DirectMethodHandleAccessor.invoke(DirectMethodHandleAccessor.java:103) ~[na:na]
	at java.base/java.lang.reflect.Method.invoke(Method.java:580) ~[na:na]
	at org.springframework.boot.loader.MainMethodRunner.run(MainMethodRunner.java:49) ~[Lavalink.jar:4.2.2]
	at org.springframework.boot.loader.Launcher.launch(Launcher.java:95) ~[Lavalink.jar:4.2.2]
	at org.springframework.boot.loader.Launcher.launch(Launcher.java:58) ~[Lavalink.jar:4.2.2]
	at org.springframework.boot.loader.JarLauncher.main(JarLauncher.java:65) ~[Lavalink.jar:4.2.2]
Caused by: org.springframework.boot.web.server.PortInUseException: Port 2333 is already in use
	at org.springframework.boot.web.embedded.undertow.UndertowWebServer.lambda$start$0(UndertowWebServer.java:129) ~[spring-boot-3.3.0.jar!/:3.3.0]
	at org.springframework.boot.web.server.PortInUseException.lambda$ifPortBindingException$1(PortInUseException.java:85) ~[spring-boot-3.3.0.jar!/:3.3.0]
	at org.springframework.boot.web.server.PortInUseException.ifCausedBy(PortInUseException.java:103) ~[spring-boot-3.3.0.jar!/:3.3.0]
	at org.springframework.boot.web.server.PortInUseException.ifPortBindingException(PortInUseException.java:82) ~[spring-boot-3.3.0.jar!/:3.3.0]
	at org.springframework.boot.web.embedded.undertow.UndertowWebServer.start(UndertowWebServer.java:125) ~[spring-boot-3.3.0.jar!/:3.3.0]
	at org.springframework.boot.web.servlet.context.WebServerStartStopLifecycle.start(WebServerStartStopLifecycle.java:44) ~[spring-boot-3.3.0.jar!/:3.3.0]
	at org.springframework.context.support.DefaultLifecycleProcessor.doStart(DefaultLifecycleProcessor.java:285) ~[spring-context-6.1.9.jar!/:6.1.9]
	... 19 common frames omitted

2026-03-07T20:41:30.095+07:00  INFO 30892 --- [Lavalink] [main] .s.b.a.l.ConditionEvaluationReportLogger : 

Error starting ApplicationContext. To display the condition evaluation report re-run your application with 'debug' enabled.
2026-03-07T20:41:30.110+07:00 ERROR 30892 --- [Lavalink] [main] o.s.b.d.LoggingFailureAnalysisReporter   : 

***************************
APPLICATION FAILED TO START
***************************

Description:

Web server failed to start. Port 2333 was already in use.

Action:

Identify and stop the process that's listening on port 2333 or configure this application to listen on another port.

2026-03-07T20:41:47.095+07:00  INFO 35076 --- [Lavalink] [SpringApplicationShutdownHook] io.undertow                              : stopping server: Undertow - 2.3.13.Final
2026-03-07T20:41:47.100+07:00  INFO 35076 --- [Lavalink] [SpringApplicationShutdownHook] io.undertow.servlet                      : Destroying Spring FrameworkServlet 'dispatcherServlet'
2026-03-07T20:41:47.101+07:00  INFO 35076 --- [Lavalink] [SpringApplicationShutdownHook] c.s.d.l.tools.GarbageCollectionMonitor   : GC monitoring disabled.
2026-03-07T20:41:51.649+07:00  INFO 33336 --- [Lavalink] [main] lavalink.server.Launcher                 : Starting Launcher v4.2.2 using Java 23.0.2 with PID 33336 (D:\project\csbot\src\lavalink\Lavalink.jar started by USER in D:\project\csbot\src\lavalink)
2026-03-07T20:41:51.656+07:00  INFO 33336 --- [Lavalink] [main] lavalink.server.Launcher                 : No active profile set, falling back to 1 default profile: "default"
2026-03-07T20:41:52.129+07:00  INFO 33336 --- [Lavalink] [main] o.s.cloud.context.scope.GenericScope     : BeanFactory id=3d6bf653-92ea-3fde-943a-10b9f8cd696e
2026-03-07T20:41:52.374+07:00  INFO 33336 --- [Lavalink] [main] l.server.bootstrap.PluginManager         : Found plugin 'lavasrc-plugin' version '4.8.1'
2026-03-07T20:41:52.374+07:00  INFO 33336 --- [Lavalink] [main] l.server.bootstrap.PluginManager         : Found plugin 'youtube-plugin' version '1.18.0'
2026-03-07T20:41:53.761+07:00  INFO 33336 --- [Lavalink] [main] l.server.bootstrap.PluginManager         : Loaded 'lavasrc-plugin-4.8.1.jar' (202 classes)
2026-03-07T20:41:53.769+07:00  INFO 33336 --- [Lavalink] [main] l.server.bootstrap.PluginManager         : Loaded 'youtube-plugin-1.18.0.jar' (17 classes)
2026-03-07T20:41:53.940+07:00  INFO 33336 --- [Lavalink] [main] lavalink.server.Launcher                 : Started Launcher in 2.721 seconds (process running for 3.208)
2026-03-07T20:41:54.007+07:00  INFO 33336 --- [Lavalink] [main] lavalink.server.Launcher                 : 

[32m       .  [31m _                  _ _       _    [32m__ _ _
[32m      /\\ [31m| | __ ___   ____ _| (_)_ __ | | __[32m\ \ \ \
[32m     ( ( )[31m| |/ _` \ \ / / _` | | | '_ \| |/ /[32m \ \ \ \
[32m      \\/ [31m| | (_| |\ V / (_| | | | | | |   < [32m  ) ) ) )
[32m       '  [31m|_|\__,_| \_/ \__,_|_|_|_| |_|_|\_\[32m / / / /
[0m    =========================================[32m/_/_/_/[0m

	Version:        4.2.2
	Build time:     06.03.2026 23:24:16 UTC
	Branch          HEAD
	Commit:         e8503fd
	Commit time:    06.03.2026 23:21:15 UTC
	JVM:            23.0.2
	Lavaplayer      2.2.6

2026-03-07T20:41:54.014+07:00  INFO 33336 --- [Lavalink] [main] lavalink.server.Launcher                 : No active profile set, falling back to 1 default profile: "default"
2026-03-07T20:41:54.536+07:00  WARN 33336 --- [Lavalink] [main] io.undertow.websockets.jsr               : UT026010: Buffer pool was not set on WebSocketDeploymentInfo, the default pool will be used
2026-03-07T20:41:54.552+07:00  INFO 33336 --- [Lavalink] [main] io.undertow.servlet                      : Initializing Spring embedded WebApplicationContext
2026-03-07T20:41:54.553+07:00  INFO 33336 --- [Lavalink] [main] w.s.c.ServletWebServerApplicationContext : Root WebApplicationContext: initialization completed in 536 ms
2026-03-07T20:41:54.623+07:00  INFO 33336 --- [Lavalink] [main] c.g.t.lavasrc.plugin.LavaSrcPlugin       : Loading LavaSrc plugin...
2026-03-07T20:41:54.670+07:00  INFO 33336 --- [Lavalink] [main] c.g.t.lavasrc.plugin.LavaSrcPlugin       : Registering Youtube Source audio source manager...
2026-03-07T20:41:55.009+07:00  INFO 33336 --- [Lavalink] [main] c.s.d.l.tools.GarbageCollectionMonitor   : GC monitoring enabled, reporting results every 2 minutes.
2026-03-07T20:41:55.553+07:00  INFO 33336 --- [Lavalink] [main] c.g.t.lavasrc.plugin.LavaSrcPlugin       : Registering Spotify audio source manager...
2026-03-07T20:41:55.560+07:00  INFO 33336 --- [Lavalink] [main] d.l.youtube.plugin.YoutubePluginLoader   : Using remote cipher server with URL "http://localhost:8001"
2026-03-07T20:41:55.564+07:00  INFO 33336 --- [Lavalink] [main] d.l.youtube.plugin.YoutubePluginLoader   : YouTube source initialised with clients: WEB_REMIX, ANDROID_VR, WEB, WEB_EMBEDDED_PLAYER 
2026-03-07T20:41:55.568+07:00  WARN 33336 --- [Lavalink] [main] l.server.config.SentryConfiguration      : Turning off sentry
2026-03-07T20:41:55.718+07:00  INFO 33336 --- [Lavalink] [main] l.server.config.KoeConfiguration         : OS: WINDOWS, Arch: X86_64
2026-03-07T20:41:55.719+07:00  INFO 33336 --- [Lavalink] [main] l.server.config.KoeConfiguration         : Enabling JDA-NAS
2026-03-07T20:41:55.721+07:00  INFO 33336 --- [Lavalink] [main] c.s.l.c.natives.NativeLibraryLoader      : Native library udpqueue: loading with filter null
2026-03-07T20:41:55.750+07:00  INFO 33336 --- [Lavalink] [main] c.s.l.c.natives.NativeLibraryLoader      : Native library udpqueue: successfully loaded.
2026-03-07T20:41:55.941+07:00  INFO 33336 --- [Lavalink] [main] io.undertow                              : starting server: Undertow - 2.3.13.Final
2026-03-07T20:41:55.948+07:00  INFO 33336 --- [Lavalink] [main] org.xnio                                 : XNIO version 3.8.8.Final
2026-03-07T20:41:55.956+07:00  INFO 33336 --- [Lavalink] [main] org.xnio.nio                             : XNIO NIO Implementation Version 3.8.8.Final
2026-03-07T20:41:56.042+07:00  INFO 33336 --- [Lavalink] [main] org.jboss.threads                        : JBoss Threads version 3.5.0.Final
2026-03-07T20:41:56.107+07:00  INFO 33336 --- [Lavalink] [main] o.s.b.w.e.undertow.UndertowWebServer     : Undertow started on port 2333 (http) with context path '/'
2026-03-07T20:41:56.116+07:00  INFO 33336 --- [Lavalink] [main] lavalink.server.Launcher                 : Started Launcher in 2.168 seconds (process running for 5.385)
2026-03-07T20:41:56.117+07:00  INFO 33336 --- [Lavalink] [main] lavalink.server.Launcher                 : Lavalink is ready to accept connections.
2026-03-07T20:42:01.471+07:00  INFO 33336 --- [Lavalink] [XNIO-1 task-2] io.undertow.servlet                      : Initializing Spring DispatcherServlet 'dispatcherServlet'
2026-03-07T20:42:01.471+07:00  INFO 33336 --- [Lavalink] [XNIO-1 task-2] o.s.web.servlet.DispatcherServlet        : Initializing Servlet 'dispatcherServlet'
2026-03-07T20:42:01.472+07:00  INFO 33336 --- [Lavalink] [XNIO-1 task-2] o.s.web.servlet.DispatcherServlet        : Completed initialization in 1 ms
2026-03-07T20:42:01.491+07:00  INFO 33336 --- [Lavalink] [XNIO-1 task-2] l.server.io.HandshakeInterceptorImpl     : Incoming connection from /[0:0:0:0:0:0:0:1]:57039
2026-03-07T20:42:01.502+07:00  INFO 33336 --- [Lavalink] [XNIO-1 task-2] l.server.io.RequestLoggingFilter         : GET /v4/websocket
2026-03-07T20:42:01.528+07:00  INFO 33336 --- [Lavalink] [XNIO-1 task-2] c.s.l.c.natives.NativeLibraryLoader      : Native library dave-jvm: loading with filter null
2026-03-07T20:42:01.595+07:00  INFO 33336 --- [Lavalink] [XNIO-1 task-2] c.s.l.c.natives.NativeLibraryLoader      : Native library dave-jvm: successfully loaded.
2026-03-07T20:42:01.629+07:00  INFO 33336 --- [Lavalink] [XNIO-1 task-2] lavalink.server.io.SocketServer          : Connection successfully established from Wavelink/3.5.0
2026-03-07T20:42:01.715+07:00  INFO 33336 --- [Lavalink] [XNIO-1 task-3] l.server.io.RequestLoggingFilter         : PATCH /v4/sessions/e3w7yc03zehu3i57, payload={"resuming": true, "timeout": 60}
2026-03-07T20:42:01.724+07:00  INFO 33336 --- [Lavalink] [XNIO-1 task-3] l.server.io.RequestLoggingFilter         : GET /v4/info
2026-03-07T20:42:05.653+07:00  INFO 33336 --- [Lavalink] [XNIO-1 task-3] l.server.io.RequestLoggingFilter         : PATCH /v4/sessions/e3w7yc03zehu3i57/players/979689935063875584?noReplace=True, payload={"voice": {"sessionId": "4b9f4b1d247255f27bb077cbf705095d", "token": "3ae609092da163ea", "endpoint": "c-jnb04-90dc6ebf.discord.media:2053", "channelId": "979689935743377472"}}
2026-03-07T20:42:05.906+07:00  INFO 33336 --- [Lavalink] [XNIO-1 task-3] l.server.player.AudioLoaderRestHandler   : Got request to load for identifier "ytmsearch:Nobody kaiju No8"
2026-03-07T20:42:09.254+07:00 ERROR 33336 --- [Lavalink] [XNIO-1 task-3] l.server.player.AudioLoaderRestHandler   : Failed to load track for identifier ytmsearch:Nobody kaiju No8

com.sedmelluq.discord.lavaplayer.tools.FriendlyException: Something went wrong while looking up the track.
	at lavalink.server.util.LoadingKt.loadAudioItem(loading.kt:20) ~[classes!/:4.2.2]
	at lavalink.server.player.AudioLoaderRestHandler.loadTracks(AudioLoaderRestHandler.kt:59) ~[classes!/:4.2.2]
	at java.base/jdk.internal.reflect.DirectMethodHandleAccessor.invoke(DirectMethodHandleAccessor.java:103) ~[na:na]
	at java.base/java.lang.reflect.Method.invoke(Method.java:580) ~[na:na]
	at kotlin.reflect.jvm.internal.calls.CallerImpl$Method.callMethod(CallerImpl.kt:97) ~[kotlin-reflect-2.1.20.jar!/:2.1.20-release-217]
	at kotlin.reflect.jvm.internal.calls.CallerImpl$Method$Instance.call(CallerImpl.kt:113) ~[kotlin-reflect-2.1.20.jar!/:2.1.20-release-217]
	at kotlin.reflect.jvm.internal.KCallableImpl.callDefaultMethod$kotlin_reflection(KCallableImpl.kt:207) ~[kotlin-reflect-2.1.20.jar!/:2.1.20-release-217]
	at kotlin.reflect.jvm.internal.KCallableImpl.callBy(KCallableImpl.kt:112) ~[kotlin-reflect-2.1.20.jar!/:2.1.20-release-217]
	at org.springframework.web.method.support.InvocableHandlerMethod$KotlinDelegate.invokeFunction(InvocableHandlerMethod.java:334) ~[spring-web-6.1.15.jar!/:6.1.15]
	at org.springframework.web.method.support.InvocableHandlerMethod.doInvoke(InvocableHandlerMethod.java:252) ~[spring-web-6.1.15.jar!/:6.1.15]
	at org.springframework.web.method.support.InvocableHandlerMethod.invokeForRequest(InvocableHandlerMethod.java:188) ~[spring-web-6.1.15.jar!/:6.1.15]
	at org.springframework.web.servlet.mvc.method.annotation.ServletInvocableHandlerMethod.invokeAndHandle(ServletInvocableHandlerMethod.java:118) ~[spring-webmvc-6.1.8.jar!/:6.1.8]
	at org.springframework.web.servlet.mvc.method.annotation.RequestMappingHandlerAdapter.invokeHandlerMethod(RequestMappingHandlerAdapter.java:926) ~[spring-webmvc-6.1.8.jar!/:6.1.8]
	at org.springframework.web.servlet.mvc.method.annotation.RequestMappingHandlerAdapter.handleInternal(RequestMappingHandlerAdapter.java:831) ~[spring-webmvc-6.1.8.jar!/:6.1.8]
	at org.springframework.web.servlet.mvc.method.AbstractHandlerMethodAdapter.handle(AbstractHandlerMethodAdapter.java:87) ~[spring-webmvc-6.1.8.jar!/:6.1.8]
	at org.springframework.web.servlet.DispatcherServlet.doDispatch(DispatcherServlet.java:1089) ~[spring-webmvc-6.1.8.jar!/:6.1.8]
	at org.springframework.web.servlet.DispatcherServlet.doService(DispatcherServlet.java:979) ~[spring-webmvc-6.1.8.jar!/:6.1.8]
	at org.springframework.web.servlet.FrameworkServlet.processRequest(FrameworkServlet.java:1014) ~[spring-webmvc-6.1.8.jar!/:6.1.8]
	at org.springframework.web.servlet.FrameworkServlet.doGet(FrameworkServlet.java:903) ~[spring-webmvc-6.1.8.jar!/:6.1.8]
	at jakarta.servlet.http.HttpServlet.service(HttpServlet.java:527) ~[jakarta.servlet-api-6.0.0.jar!/:6.0.0]
	at org.springframework.web.servlet.FrameworkServlet.service(FrameworkServlet.java:885) ~[spring-webmvc-6.1.8.jar!/:6.1.8]
	at jakarta.servlet.http.HttpServlet.service(HttpServlet.java:614) ~[jakarta.servlet-api-6.0.0.jar!/:6.0.0]
	at io.undertow.servlet.handlers.ServletHandler.handleRequest(ServletHandler.java:74) ~[undertow-servlet-2.3.13.Final.jar!/:2.3.13.Final]
	at io.undertow.servlet.handlers.FilterHandler$FilterChainImpl.doFilter(FilterHandler.java:129) ~[undertow-servlet-2.3.13.Final.jar!/:2.3.13.Final]
	at org.springframework.web.filter.AbstractRequestLoggingFilter.doFilterInternal(AbstractRequestLoggingFilter.java:289) ~[spring-web-6.1.15.jar!/:6.1.15]
	at org.springframework.web.filter.OncePerRequestFilter.doFilter(OncePerRequestFilter.java:116) ~[spring-web-6.1.15.jar!/:6.1.15]
	at io.undertow.servlet.core.ManagedFilter.doFilter(ManagedFilter.java:67) ~[undertow-servlet-2.3.13.Final.jar!/:2.3.13.Final]
	at io.undertow.servlet.handlers.FilterHandler$FilterChainImpl.doFilter(FilterHandler.java:131) ~[undertow-servlet-2.3.13.Final.jar!/:2.3.13.Final]
	at lavalink.server.io.ResponseHeaderFilter.doFilterInternal(ResponseHeaderFilter.kt:17) ~[classes!/:4.2.2]
	at org.springframework.web.filter.OncePerRequestFilter.doFilter(OncePerRequestFilter.java:116) ~[spring-web-6.1.15.jar!/:6.1.15]
	at io.undertow.servlet.core.ManagedFilter.doFilter(ManagedFilter.java:67) ~[undertow-servlet-2.3.13.Final.jar!/:2.3.13.Final]
	at io.undertow.servlet.handlers.FilterHandler$FilterChainImpl.doFilter(FilterHandler.java:131) ~[undertow-servlet-2.3.13.Final.jar!/:2.3.13.Final]
	at org.springframework.web.filter.CharacterEncodingFilter.doFilterInternal(CharacterEncodingFilter.java:201) ~[spring-web-6.1.15.jar!/:6.1.15]
	at org.springframework.web.filter.OncePerRequestFilter.doFilter(OncePerRequestFilter.java:116) ~[spring-web-6.1.15.jar!/:6.1.15]
	at io.undertow.servlet.core.ManagedFilter.doFilter(ManagedFilter.java:67) ~[undertow-servlet-2.3.13.Final.jar!/:2.3.13.Final]
	at io.undertow.servlet.handlers.FilterHandler$FilterChainImpl.doFilter(FilterHandler.java:131) ~[undertow-servlet-2.3.13.Final.jar!/:2.3.13.Final]
	at io.undertow.servlet.handlers.FilterHandler.handleRequest(FilterHandler.java:84) ~[undertow-servlet-2.3.13.Final.jar!/:2.3.13.Final]
	at io.undertow.servlet.handlers.security.ServletSecurityRoleHandler.handleRequest(ServletSecurityRoleHandler.java:62) ~[undertow-servlet-2.3.13.Final.jar!/:2.3.13.Final]
	at io.undertow.servlet.handlers.ServletChain$1.handleRequest(ServletChain.java:68) ~[undertow-servlet-2.3.13.Final.jar!/:2.3.13.Final]
	at io.undertow.servlet.handlers.ServletDispatchingHandler.handleRequest(ServletDispatchingHandler.java:36) ~[undertow-servlet-2.3.13.Final.jar!/:2.3.13.Final]
	at io.undertow.servlet.handlers.RedirectDirHandler.handleRequest(RedirectDirHandler.java:68) ~[undertow-servlet-2.3.13.Final.jar!/:2.3.13.Final]
	at io.undertow.servlet.handlers.security.SSLInformationAssociationHandler.handleRequest(SSLInformationAssociationHandler.java:117) ~[undertow-servlet-2.3.13.Final.jar!/:2.3.13.Final]
	at io.undertow.servlet.handlers.security.ServletAuthenticationCallHandler.handleRequest(ServletAuthenticationCallHandler.java:57) ~[undertow-servlet-2.3.13.Final.jar!/:2.3.13.Final]
	at io.undertow.server.handlers.PredicateHandler.handleRequest(PredicateHandler.java:43) ~[undertow-core-2.3.13.Final.jar!/:2.3.13.Final]
	at io.undertow.security.handlers.AbstractConfidentialityHandler.handleRequest(AbstractConfidentialityHandler.java:46) ~[undertow-core-2.3.13.Final.jar!/:2.3.13.Final]
	at io.undertow.servlet.handlers.security.ServletConfidentialityConstraintHandler.handleRequest(ServletConfidentialityConstraintHandler.java:64) ~[undertow-servlet-2.3.13.Final.jar!/:2.3.13.Final]
	at io.undertow.security.handlers.AuthenticationMechanismsHandler.handleRequest(AuthenticationMechanismsHandler.java:60) ~[undertow-core-2.3.13.Final.jar!/:2.3.13.Final]
	at io.undertow.servlet.handlers.security.CachedAuthenticatedSessionHandler.handleRequest(CachedAuthenticatedSessionHandler.java:77) ~[undertow-servlet-2.3.13.Final.jar!/:2.3.13.Final]
	at io.undertow.security.handlers.AbstractSecurityContextAssociationHandler.handleRequest(AbstractSecurityContextAssociationHandler.java:43) ~[undertow-core-2.3.13.Final.jar!/:2.3.13.Final]
	at io.undertow.server.handlers.PredicateHandler.handleRequest(PredicateHandler.java:43) ~[undertow-core-2.3.13.Final.jar!/:2.3.13.Final]
	at io.undertow.servlet.handlers.SendErrorPageHandler.handleRequest(SendErrorPageHandler.java:52) ~[undertow-servlet-2.3.13.Final.jar!/:2.3.13.Final]
	at io.undertow.server.handlers.PredicateHandler.handleRequest(PredicateHandler.java:43) ~[undertow-core-2.3.13.Final.jar!/:2.3.13.Final]
	at io.undertow.servlet.handlers.ServletInitialHandler.handleFirstRequest(ServletInitialHandler.java:276) ~[undertow-servlet-2.3.13.Final.jar!/:2.3.13.Final]
	at io.undertow.servlet.handlers.ServletInitialHandler$2.call(ServletInitialHandler.java:135) ~[undertow-servlet-2.3.13.Final.jar!/:2.3.13.Final]
	at io.undertow.servlet.handlers.ServletInitialHandler$2.call(ServletInitialHandler.java:132) ~[undertow-servlet-2.3.13.Final.jar!/:2.3.13.Final]
	at io.undertow.servlet.core.ServletRequestContextThreadSetupAction$1.call(ServletRequestContextThreadSetupAction.java:48) ~[undertow-servlet-2.3.13.Final.jar!/:2.3.13.Final]
	at io.undertow.servlet.core.ContextClassLoaderSetupAction$1.call(ContextClassLoaderSetupAction.java:43) ~[undertow-servlet-2.3.13.Final.jar!/:2.3.13.Final]
	at io.undertow.servlet.handlers.ServletInitialHandler.dispatchRequest(ServletInitialHandler.java:256) ~[undertow-servlet-2.3.13.Final.jar!/:2.3.13.Final]
	at io.undertow.servlet.handlers.ServletInitialHandler$1.handleRequest(ServletInitialHandler.java:101) ~[undertow-servlet-2.3.13.Final.jar!/:2.3.13.Final]
	at io.undertow.server.Connectors.executeRootHandler(Connectors.java:393) ~[undertow-core-2.3.13.Final.jar!/:2.3.13.Final]
	at io.undertow.server.HttpServerExchange$1.run(HttpServerExchange.java:859) ~[undertow-core-2.3.13.Final.jar!/:2.3.13.Final]
	at org.jboss.threads.ContextHandler$1.runWith(ContextHandler.java:18) ~[jboss-threads-3.5.0.Final.jar!/:3.5.0.Final]
	at org.jboss.threads.EnhancedQueueExecutor$Task.run(EnhancedQueueExecutor.java:2513) ~[jboss-threads-3.5.0.Final.jar!/:3.5.0.Final]
	at org.jboss.threads.EnhancedQueueExecutor$ThreadBody.run(EnhancedQueueExecutor.java:1538) ~[jboss-threads-3.5.0.Final.jar!/:3.5.0.Final]
	at org.xnio.XnioWorker$WorkerThreadFactory$1$1.run(XnioWorker.java:1282) ~[xnio-api-3.8.8.Final.jar!/:3.8.8.Final]
	at java.base/java.lang.Thread.run(Thread.java:1575) ~[na:na]
Caused by: dev.lavalink.youtube.AllClientsFailedException: (yts.version: 1.18.0) All clients failed to load the item.

Client [WEB_REMIX] failed: java.net.SocketTimeoutException: Read timed outjava.net.SocketTimeoutException: Read timed out
	at com.sedmelluq.discord.lavaplayer.tools.ExceptionTools.toRuntimeException(ExceptionTools.java:67)
	at dev.lavalink.youtube.clients.skeleton.MusicClient.getMusicSearchResult(MusicClient.java:49)
	at dev.lavalink.youtube.clients.skeleton.MusicClient.loadSearchMusic(MusicClient.java:148)
	at dev.lavalink.youtube.YoutubeAudioSourceManager.lambda$getRouter$1(YoutubeAudioSourceManager.java:298)
	at dev.lavalink.youtube.YoutubeAudioSourceManager.loadItemOnce(YoutubeAudioSourceManager.java:249)
Caused by: Read timed out
	at java.base/sun.nio.ch.NioSocketImpl.timedRead(NioSocketImpl.java:278)
	at java.base/sun.nio.ch.NioSocketImpl.implRead(NioSocketImpl.java:304)
	at java.base/sun.nio.ch.NioSocketImpl.read(NioSocketImpl.java:346)
	at java.base/sun.nio.ch.NioSocketImpl$1.read(NioSocketImpl.java:796)
	at java.base/java.net.Socket$SocketInputStream.implRead(Socket.java:1116)
	at dev.lavalink.youtube.YoutubeAudioSourceManager.loadItemOnce(YoutubeAudioSourceManager.java:267) ~[jar:file:D:\project\csbot\src\lavalink\.\plugins\youtube-plugin-1.18.0.jar!/:na]
	at dev.lavalink.youtube.YoutubeAudioSourceManager.loadItem(YoutubeAudioSourceManager.java:205) ~[jar:file:D:\project\csbot\src\lavalink\.\plugins\youtube-plugin-1.18.0.jar!/:na]
	at com.sedmelluq.discord.lavaplayer.player.DefaultAudioPlayerManager.checkSourcesForItemOnce(DefaultAudioPlayerManager.java:442) ~[lavaplayer-2.2.6.jar!/:na]
	at com.sedmelluq.discord.lavaplayer.player.DefaultAudioPlayerManager.checkSourcesForItem(DefaultAudioPlayerManager.java:423) ~[lavaplayer-2.2.6.jar!/:na]
	at com.sedmelluq.discord.lavaplayer.player.DefaultAudioPlayerManager.loadItemSync(DefaultAudioPlayerManager.java:154) ~[lavaplayer-2.2.6.jar!/:na]
	at com.sedmelluq.discord.lavaplayer.player.AudioPlayerManager.loadItemSync(AudioPlayerManager.java:127) ~[lavaplayer-2.2.6.jar!/:na]
	at lavalink.server.util.LoadingKt.loadAudioItem(loading.kt:15) ~[classes!/:4.2.2]
	... 65 common frames omitted

2026-03-07T20:42:09.273+07:00  INFO 33336 --- [Lavalink] [XNIO-1 task-3] l.server.io.RequestLoggingFilter         : GET /v4/loadtracks?identifier=ytmsearch:Nobody%20kaiju%20No8
2026-03-07T20:45:15.997+07:00  INFO 33336 --- [Lavalink] [SpringApplicationShutdownHook] io.undertow                              : stopping server: Undertow - 2.3.13.Final
2026-03-07T20:45:15.999+07:00  INFO 33336 --- [Lavalink] [lavalink-shutdown-handler] lavalink.server.io.SocketServer          : Connection closed from /[0:0:0:0:0:0:0:1]:57039 with status CloseStatus[code=1001, reason=] -- Session can be resumed within the next 60 seconds with id e3w7yc03zehu3i57
2026-03-07T20:45:16.000+07:00  INFO 33336 --- [Lavalink] [SpringApplicationShutdownHook] io.undertow.servlet                      : Destroying Spring FrameworkServlet 'dispatcherServlet'
2026-03-07T20:45:16.002+07:00  INFO 33336 --- [Lavalink] [SpringApplicationShutdownHook] c.s.d.l.tools.GarbageCollectionMonitor   : GC monitoring disabled.
2026-03-07T20:45:20.096+07:00  INFO 27492 --- [Lavalink] [main] lavalink.server.Launcher                 : Starting Launcher v4.2.2 using Java 23.0.2 with PID 27492 (D:\project\csbot\src\lavalink\Lavalink.jar started by USER in D:\project\csbot\src\lavalink)
2026-03-07T20:45:20.102+07:00  INFO 27492 --- [Lavalink] [main] lavalink.server.Launcher                 : No active profile set, falling back to 1 default profile: "default"
2026-03-07T20:45:20.581+07:00  INFO 27492 --- [Lavalink] [main] o.s.cloud.context.scope.GenericScope     : BeanFactory id=3d6bf653-92ea-3fde-943a-10b9f8cd696e
2026-03-07T20:45:20.832+07:00  INFO 27492 --- [Lavalink] [main] l.server.bootstrap.PluginManager         : Found plugin 'lavasrc-plugin' version '4.8.1'
2026-03-07T20:45:20.832+07:00  INFO 27492 --- [Lavalink] [main] l.server.bootstrap.PluginManager         : Found plugin 'youtube-plugin' version '1.18.0'
2026-03-07T20:45:22.280+07:00  INFO 27492 --- [Lavalink] [main] l.server.bootstrap.PluginManager         : Loaded 'lavasrc-plugin-4.8.1.jar' (202 classes)
2026-03-07T20:45:22.290+07:00  INFO 27492 --- [Lavalink] [main] l.server.bootstrap.PluginManager         : Loaded 'youtube-plugin-1.18.0.jar' (17 classes)
2026-03-07T20:45:22.468+07:00  INFO 27492 --- [Lavalink] [main] lavalink.server.Launcher                 : Started Launcher in 2.809 seconds (process running for 3.308)
2026-03-07T20:45:22.535+07:00  INFO 27492 --- [Lavalink] [main] lavalink.server.Launcher                 : 

[32m       .  [31m _                  _ _       _    [32m__ _ _
[32m      /\\ [31m| | __ ___   ____ _| (_)_ __ | | __[32m\ \ \ \
[32m     ( ( )[31m| |/ _` \ \ / / _` | | | '_ \| |/ /[32m \ \ \ \
[32m      \\/ [31m| | (_| |\ V / (_| | | | | | |   < [32m  ) ) ) )
[32m       '  [31m|_|\__,_| \_/ \__,_|_|_|_| |_|_|\_\[32m / / / /
[0m    =========================================[32m/_/_/_/[0m

	Version:        4.2.2
	Build time:     06.03.2026 23:24:16 UTC
	Branch          HEAD
	Commit:         e8503fd
	Commit time:    06.03.2026 23:21:15 UTC
	JVM:            23.0.2
	Lavaplayer      2.2.6

2026-03-07T20:45:22.543+07:00  INFO 27492 --- [Lavalink] [main] lavalink.server.Launcher                 : No active profile set, falling back to 1 default profile: "default"
2026-03-07T20:45:23.023+07:00  WARN 27492 --- [Lavalink] [main] io.undertow.websockets.jsr               : UT026010: Buffer pool was not set on WebSocketDeploymentInfo, the default pool will be used
2026-03-07T20:45:23.037+07:00  INFO 27492 --- [Lavalink] [main] io.undertow.servlet                      : Initializing Spring embedded WebApplicationContext
2026-03-07T20:45:23.039+07:00  INFO 27492 --- [Lavalink] [main] w.s.c.ServletWebServerApplicationContext : Root WebApplicationContext: initialization completed in 493 ms
2026-03-07T20:45:23.101+07:00  INFO 27492 --- [Lavalink] [main] c.g.t.lavasrc.plugin.LavaSrcPlugin       : Loading LavaSrc plugin...
2026-03-07T20:45:23.150+07:00  INFO 27492 --- [Lavalink] [main] c.g.t.lavasrc.plugin.LavaSrcPlugin       : Registering Youtube Source audio source manager...
2026-03-07T20:45:23.943+07:00  INFO 27492 --- [Lavalink] [main] c.s.d.l.tools.GarbageCollectionMonitor   : GC monitoring enabled, reporting results every 2 minutes.
2026-03-07T20:45:24.193+07:00  INFO 27492 --- [Lavalink] [main] c.g.t.lavasrc.plugin.LavaSrcPlugin       : Registering Spotify audio source manager...
2026-03-07T20:45:24.200+07:00  INFO 27492 --- [Lavalink] [main] d.l.youtube.plugin.YoutubePluginLoader   : Using remote cipher server with URL "https://cipher.kikkia.dev/"
2026-03-07T20:45:24.204+07:00  INFO 27492 --- [Lavalink] [main] d.l.youtube.plugin.YoutubePluginLoader   : YouTube source initialised with clients: WEB_REMIX, ANDROID_VR, WEB, WEB_EMBEDDED_PLAYER 
2026-03-07T20:45:24.208+07:00  WARN 27492 --- [Lavalink] [main] l.server.config.SentryConfiguration      : Turning off sentry
2026-03-07T20:45:24.363+07:00  INFO 27492 --- [Lavalink] [main] l.server.config.KoeConfiguration         : OS: WINDOWS, Arch: X86_64
2026-03-07T20:45:24.363+07:00  INFO 27492 --- [Lavalink] [main] l.server.config.KoeConfiguration         : Enabling JDA-NAS
2026-03-07T20:45:24.366+07:00  INFO 27492 --- [Lavalink] [main] c.s.l.c.natives.NativeLibraryLoader      : Native library udpqueue: loading with filter null
2026-03-07T20:45:24.396+07:00  INFO 27492 --- [Lavalink] [main] c.s.l.c.natives.NativeLibraryLoader      : Native library udpqueue: successfully loaded.
2026-03-07T20:45:24.568+07:00  INFO 27492 --- [Lavalink] [main] io.undertow                              : starting server: Undertow - 2.3.13.Final
2026-03-07T20:45:24.574+07:00  INFO 27492 --- [Lavalink] [main] org.xnio                                 : XNIO version 3.8.8.Final
2026-03-07T20:45:24.580+07:00  INFO 27492 --- [Lavalink] [main] org.xnio.nio                             : XNIO NIO Implementation Version 3.8.8.Final
2026-03-07T20:45:24.659+07:00  INFO 27492 --- [Lavalink] [main] org.jboss.threads                        : JBoss Threads version 3.5.0.Final
2026-03-07T20:45:24.719+07:00  INFO 27492 --- [Lavalink] [main] o.s.b.w.e.undertow.UndertowWebServer     : Undertow started on port 2333 (http) with context path '/'
2026-03-07T20:45:24.726+07:00  INFO 27492 --- [Lavalink] [main] lavalink.server.Launcher                 : Started Launcher in 2.25 seconds (process running for 5.567)
2026-03-07T20:45:24.727+07:00  INFO 27492 --- [Lavalink] [main] lavalink.server.Launcher                 : Lavalink is ready to accept connections.
2026-03-07T20:45:26.116+07:00  INFO 27492 --- [Lavalink] [XNIO-1 task-2] io.undertow.servlet                      : Initializing Spring DispatcherServlet 'dispatcherServlet'
2026-03-07T20:45:26.116+07:00  INFO 27492 --- [Lavalink] [XNIO-1 task-2] o.s.web.servlet.DispatcherServlet        : Initializing Servlet 'dispatcherServlet'
2026-03-07T20:45:26.117+07:00  INFO 27492 --- [Lavalink] [XNIO-1 task-2] o.s.web.servlet.DispatcherServlet        : Completed initialization in 1 ms
2026-03-07T20:45:26.156+07:00  INFO 27492 --- [Lavalink] [XNIO-1 task-2] l.server.io.RequestLoggingFilter         : DELETE /v4/sessions/e3w7yc03zehu3i57/players/979689935063875584
2026-03-07T20:45:34.122+07:00  INFO 27492 --- [Lavalink] [XNIO-1 task-2] l.server.io.HandshakeInterceptorImpl     : Incoming connection from /[0:0:0:0:0:0:0:1]:52244
2026-03-07T20:45:34.131+07:00  INFO 27492 --- [Lavalink] [XNIO-1 task-2] l.server.io.RequestLoggingFilter         : GET /v4/websocket
2026-03-07T20:45:34.153+07:00  INFO 27492 --- [Lavalink] [XNIO-1 task-2] c.s.l.c.natives.NativeLibraryLoader      : Native library dave-jvm: loading with filter null
2026-03-07T20:45:34.211+07:00  INFO 27492 --- [Lavalink] [XNIO-1 task-2] c.s.l.c.natives.NativeLibraryLoader      : Native library dave-jvm: successfully loaded.
2026-03-07T20:45:34.224+07:00  INFO 27492 --- [Lavalink] [XNIO-1 task-2] lavalink.server.io.SocketServer          : Connection successfully established from Wavelink/3.5.0
2026-03-07T20:45:34.245+07:00  INFO 27492 --- [Lavalink] [XNIO-1 task-2] l.server.io.RequestLoggingFilter         : PATCH /v4/sessions/zbo3ex74taqpstat, payload={"resuming": true, "timeout": 60}
2026-03-07T20:45:34.254+07:00  INFO 27492 --- [Lavalink] [XNIO-1 task-2] l.server.io.RequestLoggingFilter         : GET /v4/info
2026-03-07T20:45:45.568+07:00  INFO 27492 --- [Lavalink] [XNIO-1 task-2] l.server.io.RequestLoggingFilter         : PATCH /v4/sessions/zbo3ex74taqpstat/players/979689935063875584?noReplace=True, payload={"voice": {"sessionId": "4cf63d199f157d68dbee9acc46cf0f94", "token": "99fafd4adec067ab", "endpoint": "c-jnb04-90dc6ebf.discord.media:2053", "channelId": "979689935743377472"}}
2026-03-07T20:45:45.820+07:00  INFO 27492 --- [Lavalink] [XNIO-1 task-2] l.server.player.AudioLoaderRestHandler   : Got request to load for identifier "ytmsearch:Nobody kaiju No8"
2026-03-07T20:45:46.538+07:00  INFO 27492 --- [Lavalink] [XNIO-1 task-2] l.server.player.AudioLoaderRestHandler   : Loaded playlist Search music results for: Nobody kaiju No8
2026-03-07T20:45:46.555+07:00  INFO 27492 --- [Lavalink] [XNIO-1 task-2] l.server.io.RequestLoggingFilter         : GET /v4/loadtracks?identifier=ytmsearch:Nobody%20kaiju%20No8
2026-03-07T20:45:46.557+07:00  INFO 27492 --- [Lavalink] [XNIO-1 task-2] l.server.io.RequestLoggingFilter         : PATCH /v4/sessions/zbo3ex74taqpstat/players/979689935063875584?noReplace=True, payload={"volume": 70}
2026-03-07T20:45:46.566+07:00  INFO 27492 --- [Lavalink] [XNIO-1 task-2] l.server.io.RequestLoggingFilter         : PATCH /v4/sessions/zbo3ex74taqpstat/players/979689935063875584?noReplace=False, payload={"track": {"encoded": "QAABAAMAGU5vYm9keSAoZnJvbSBLYWlqdSBOby4gOCkAC09uZVJlcHVibGljAAAAAAACWZAAC092R1lTZk1KZjQwAAEAK2h0dHBzOi8vd3d3LnlvdXR1YmUuY29tL3dhdGNoP3Y9T3ZHWVNmTUpmNDABAH5odHRwczovL2xoMy5nb29nbGV1c2VyY29udGVudC5jb20vQkFfU3B2MlduS0ZkRjlsSFlfdHRQNmxDaExmaV9keUVSVlF5dnVEQlBKSFFoYUZSTEdSbDJCaEROcFZGUm96ZklMVWRwQ2MxdVktTjJsZm09dzEwMDAtaDEwMDAAAAd5b3V0dWJlAAAAAAAAAAA=", "userData": {"requester": "littlxbirdd", "requester_icon": "https://cdn.discordapp.com/avatars/407176297991634954/4d2b1c83b62d1d5d3efb167867ec81a6.png?size=1024", "source": "youtube", "thumb": "https://lh3.googleusercontent.com/BA_Spv2WnKFdF9lHY_ttP6lChLfi_dyERVQyvuDBPJHQhaFRLGRl2BhDNpVFRozfILUdpCc1uY-N2lfm=w1000-h1000"}}, "volume": 70, "position": 0, "endTime": null, "paused": false, "filters": {"equalizer": [{"band": 0, "gain": 0.0}, {"band": 1, "gain": 0.0}, {"band": 2, "gain": 0.0}, {"band": 3, "gain": 0.0}, {"band": 4, "gain": 0.0}, {"band": 5, "gain": 0.0}, {"band": 6, "gain": 0.0}, {"band": 7, "gain": 0.0}, {"band": 8, "gain": 0.0}, {"band": 9, "gain": 0.0}, {"band": 10, "gain": 0.0}, {"band": 11, "gain": 0.0}, {"band": 12, "gain": 0.0}, {"band": 13, "gain": 0.0}, {"band": 14, "gain": 0.0}]}}
2026-03-07T20:45:46.568+07:00  INFO 27492 --- [Lavalink] [XNIO-1 task-2] l.server.player.AudioLoaderRestHandler   : Got request to load for identifier "https://music.youtube.com/watch?v=OvGYSfMJf408&list=RDOvGYSfMJf40"
2026-03-07T20:45:46.664+07:00  INFO 27492 --- [Lavalink] [lava-daemon-pool-playback-1-thread-1] d.l.y.http.YoutubeAccessTokenTracker     : Updating YouTube visitor id succeeded, new one is Cgs3Q1BWalhLdkU0OCjY17DNBjIKCgJUSBIEGgAgJToMCAEgkZL47oL7itZpggHfAm_N1al79pnChTVymG0bdQDSULDHrbqgkrLe0lah2vOH762v31LPCGskBIOh38c1zKMg5p40xVSA9j31IWj4MBf5OhPyn1vzp-BYTHnlHzl14dAltTEE4Gmqrohq2pVnIredIwk8k1B45DtYX4sag5TWbCDcCsEVf9KPI26hxrMh2qHfQdcXPF8SQ6MRBLJd7m8iZiuxdMlZLsek0IWJwmQWGcRgz-Wicx8nu2PK22XhXFQVlenUKoQ1YuGqkNLBdoebak4qrzCT7N6C3y4RE_DlIqlIdYag8q6HyRw0u4jPc23MvhHi_SIefMzhKhXedA2MSKDW7vbfgPPbNZpwVPFmSFm85e8n-iVDukP1iQfLRlesF_7R41yHgayIGKQGJklsFG6FjR_GOTI_0-r_AtubBQkwxejFYGvoKAwFCWgXSrdBe_8URqceeXMcZJ4J9gknx_vl11nEUb1dSLeSCQ%3D%3D, next update will be after 600 seconds.
2026-03-07T20:45:47.565+07:00  INFO 27492 --- [Lavalink] [XNIO-1 task-2] l.server.player.AudioLoaderRestHandler   : Loaded playlist Mix - Nobody (from Kaiju No. 8)
2026-03-07T20:45:47.574+07:00  INFO 27492 --- [Lavalink] [XNIO-1 task-2] l.server.io.RequestLoggingFilter         : GET /v4/loadtracks?identifier=https://music.youtube.com/watch?v%3DOvGYSfMJf408%26list%3DRDOvGYSfMJf40
2026-03-07T20:45:47.935+07:00  INFO 27492 --- [Lavalink] [lava-daemon-pool-playback-1-thread-1] c.s.l.c.natives.NativeLibraryLoader      : Native library libmpg123-0: loading with filter com.sedmelluq.discord.lavaplayer.natives.ConnectorNativeLibLoader$$Lambda/0x000002405991a3b8@22b9d5f
2026-03-07T20:45:47.971+07:00  INFO 27492 --- [Lavalink] [lava-daemon-pool-playback-1-thread-1] c.s.l.c.natives.NativeLibraryLoader      : Native library libmpg123-0: successfully loaded.
2026-03-07T20:45:47.971+07:00  INFO 27492 --- [Lavalink] [lava-daemon-pool-playback-1-thread-1] c.s.l.c.natives.NativeLibraryLoader      : Native library connector: loading with filter null
2026-03-07T20:45:48.010+07:00  INFO 27492 --- [Lavalink] [lava-daemon-pool-playback-1-thread-1] c.s.l.c.natives.NativeLibraryLoader      : Native library connector: successfully loaded.
2026-03-07T20:46:01.628+07:00  INFO 27492 --- [Lavalink] [XNIO-1 task-2] l.server.io.RequestLoggingFilter         : DELETE /v4/sessions/zbo3ex74taqpstat/players/979689935063875584
2026-03-07T20:46:02.060+07:00  INFO 27492 --- [Lavalink] [XNIO-1 I/O-5] lavalink.server.io.SocketServer          : Connection closed from /[0:0:0:0:0:0:0:1]:52244 with status CloseStatus[code=1006, reason=] -- Session can be resumed within the next 60 seconds with id zbo3ex74taqpstat
2026-03-07T20:46:08.633+07:00  INFO 38396 --- [Lavalink] [main] lavalink.server.Launcher                 : Starting Launcher v4.2.2 using Java 23.0.2 with PID 38396 (D:\project\csbot\src\lavalink\Lavalink.jar started by USER in D:\project\csbot\src\lavalink)
2026-03-07T20:46:08.639+07:00  INFO 38396 --- [Lavalink] [main] lavalink.server.Launcher                 : No active profile set, falling back to 1 default profile: "default"
2026-03-07T20:46:09.123+07:00  INFO 38396 --- [Lavalink] [main] o.s.cloud.context.scope.GenericScope     : BeanFactory id=3d6bf653-92ea-3fde-943a-10b9f8cd696e
2026-03-07T20:46:09.398+07:00  INFO 38396 --- [Lavalink] [main] l.server.bootstrap.PluginManager         : Found plugin 'lavasrc-plugin' version '4.8.1'
2026-03-07T20:46:09.399+07:00  INFO 38396 --- [Lavalink] [main] l.server.bootstrap.PluginManager         : Found plugin 'youtube-plugin' version '1.18.0'
2026-03-07T20:46:10.828+07:00  INFO 38396 --- [Lavalink] [main] l.server.bootstrap.PluginManager         : Loaded 'lavasrc-plugin-4.8.1.jar' (202 classes)
2026-03-07T20:46:10.838+07:00  INFO 38396 --- [Lavalink] [main] l.server.bootstrap.PluginManager         : Loaded 'youtube-plugin-1.18.0.jar' (17 classes)
2026-03-07T20:46:11.014+07:00  INFO 38396 --- [Lavalink] [main] lavalink.server.Launcher                 : Started Launcher in 2.795 seconds (process running for 3.348)
2026-03-07T20:46:11.088+07:00  INFO 38396 --- [Lavalink] [main] lavalink.server.Launcher                 : 

[32m       .  [31m _                  _ _       _    [32m__ _ _
[32m      /\\ [31m| | __ ___   ____ _| (_)_ __ | | __[32m\ \ \ \
[32m     ( ( )[31m| |/ _` \ \ / / _` | | | '_ \| |/ /[32m \ \ \ \
[32m      \\/ [31m| | (_| |\ V / (_| | | | | | |   < [32m  ) ) ) )
[32m       '  [31m|_|\__,_| \_/ \__,_|_|_|_| |_|_|\_\[32m / / / /
[0m    =========================================[32m/_/_/_/[0m

	Version:        4.2.2
	Build time:     06.03.2026 23:24:16 UTC
	Branch          HEAD
	Commit:         e8503fd
	Commit time:    06.03.2026 23:21:15 UTC
	JVM:            23.0.2
	Lavaplayer      2.2.6

2026-03-07T20:46:11.096+07:00  INFO 38396 --- [Lavalink] [main] lavalink.server.Launcher                 : No active profile set, falling back to 1 default profile: "default"
2026-03-07T20:46:11.667+07:00  WARN 38396 --- [Lavalink] [main] io.undertow.websockets.jsr               : UT026010: Buffer pool was not set on WebSocketDeploymentInfo, the default pool will be used
2026-03-07T20:46:11.679+07:00  INFO 38396 --- [Lavalink] [main] io.undertow.servlet                      : Initializing Spring embedded WebApplicationContext
2026-03-07T20:46:11.681+07:00  INFO 38396 --- [Lavalink] [main] w.s.c.ServletWebServerApplicationContext : Root WebApplicationContext: initialization completed in 581 ms
2026-03-07T20:46:11.745+07:00  INFO 38396 --- [Lavalink] [main] c.g.t.lavasrc.plugin.LavaSrcPlugin       : Loading LavaSrc plugin...
2026-03-07T20:46:11.797+07:00  INFO 38396 --- [Lavalink] [main] c.g.t.lavasrc.plugin.LavaSrcPlugin       : Registering Youtube Source audio source manager...
2026-03-07T20:46:12.557+07:00  INFO 38396 --- [Lavalink] [main] c.s.d.l.tools.GarbageCollectionMonitor   : GC monitoring enabled, reporting results every 2 minutes.
2026-03-07T20:46:12.824+07:00  INFO 38396 --- [Lavalink] [main] c.g.t.lavasrc.plugin.LavaSrcPlugin       : Registering Spotify audio source manager...
2026-03-07T20:46:12.832+07:00  INFO 38396 --- [Lavalink] [main] d.l.youtube.plugin.YoutubePluginLoader   : Using remote cipher server with URL "http://localhost:8001"
2026-03-07T20:46:12.836+07:00  INFO 38396 --- [Lavalink] [main] d.l.youtube.plugin.YoutubePluginLoader   : YouTube source initialised with clients: WEB_REMIX, ANDROID_VR, WEB, WEB_EMBEDDED_PLAYER 
2026-03-07T20:46:12.840+07:00  WARN 38396 --- [Lavalink] [main] l.server.config.SentryConfiguration      : Turning off sentry
2026-03-07T20:46:12.984+07:00  INFO 38396 --- [Lavalink] [main] l.server.config.KoeConfiguration         : OS: WINDOWS, Arch: X86_64
2026-03-07T20:46:12.984+07:00  INFO 38396 --- [Lavalink] [main] l.server.config.KoeConfiguration         : Enabling JDA-NAS
2026-03-07T20:46:12.988+07:00  INFO 38396 --- [Lavalink] [main] c.s.l.c.natives.NativeLibraryLoader      : Native library udpqueue: loading with filter null
2026-03-07T20:46:13.026+07:00  INFO 38396 --- [Lavalink] [main] c.s.l.c.natives.NativeLibraryLoader      : Native library udpqueue: successfully loaded.
2026-03-07T20:46:13.194+07:00  INFO 38396 --- [Lavalink] [main] io.undertow                              : starting server: Undertow - 2.3.13.Final
2026-03-07T20:46:13.200+07:00  INFO 38396 --- [Lavalink] [main] org.xnio                                 : XNIO version 3.8.8.Final
2026-03-07T20:46:13.209+07:00  INFO 38396 --- [Lavalink] [main] org.xnio.nio                             : XNIO NIO Implementation Version 3.8.8.Final
2026-03-07T20:46:13.279+07:00  INFO 38396 --- [Lavalink] [main] org.jboss.threads                        : JBoss Threads version 3.5.0.Final
2026-03-07T20:46:13.342+07:00  INFO 38396 --- [Lavalink] [main] o.s.b.w.e.undertow.UndertowWebServer     : Undertow started on port 2333 (http) with context path '/'
2026-03-07T20:46:13.350+07:00  INFO 38396 --- [Lavalink] [main] lavalink.server.Launcher                 : Started Launcher in 2.326 seconds (process running for 5.684)
2026-03-07T20:46:13.351+07:00  INFO 38396 --- [Lavalink] [main] lavalink.server.Launcher                 : Lavalink is ready to accept connections.
2026-03-07T20:46:20.404+07:00  INFO 38396 --- [Lavalink] [XNIO-1 task-2] io.undertow.servlet                      : Initializing Spring DispatcherServlet 'dispatcherServlet'
2026-03-07T20:46:20.405+07:00  INFO 38396 --- [Lavalink] [XNIO-1 task-2] o.s.web.servlet.DispatcherServlet        : Initializing Servlet 'dispatcherServlet'
2026-03-07T20:46:20.405+07:00  INFO 38396 --- [Lavalink] [XNIO-1 task-2] o.s.web.servlet.DispatcherServlet        : Completed initialization in 0 ms
2026-03-07T20:46:20.423+07:00  INFO 38396 --- [Lavalink] [XNIO-1 task-2] l.server.io.HandshakeInterceptorImpl     : Incoming connection from /[0:0:0:0:0:0:0:1]:62944
2026-03-07T20:46:20.433+07:00  INFO 38396 --- [Lavalink] [XNIO-1 task-2] l.server.io.RequestLoggingFilter         : GET /v4/websocket
2026-03-07T20:46:20.456+07:00  INFO 38396 --- [Lavalink] [XNIO-1 task-2] c.s.l.c.natives.NativeLibraryLoader      : Native library dave-jvm: loading with filter null
2026-03-07T20:46:20.511+07:00  INFO 38396 --- [Lavalink] [XNIO-1 task-2] c.s.l.c.natives.NativeLibraryLoader      : Native library dave-jvm: successfully loaded.
2026-03-07T20:46:20.535+07:00  INFO 38396 --- [Lavalink] [XNIO-1 task-2] lavalink.server.io.SocketServer          : Connection successfully established from Wavelink/3.5.0
2026-03-07T20:46:20.594+07:00  INFO 38396 --- [Lavalink] [XNIO-1 task-3] l.server.io.RequestLoggingFilter         : PATCH /v4/sessions/lbsaoe96elsk165m, payload={"resuming": true, "timeout": 60}
2026-03-07T20:46:20.604+07:00  INFO 38396 --- [Lavalink] [XNIO-1 task-3] l.server.io.RequestLoggingFilter         : GET /v4/info
2026-03-07T20:46:28.643+07:00  INFO 38396 --- [Lavalink] [XNIO-1 task-3] l.server.io.RequestLoggingFilter         : PATCH /v4/sessions/lbsaoe96elsk165m/players/979689935063875584?noReplace=True, payload={"voice": {"sessionId": "956280bc15a376d8e406885797d49135", "token": "010d92749ef8dc70", "endpoint": "c-jnb04-90dc6ebf.discord.media:2053", "channelId": "979689935743377472"}}
2026-03-07T20:46:28.905+07:00  INFO 38396 --- [Lavalink] [XNIO-1 task-3] l.server.player.AudioLoaderRestHandler   : Got request to load for identifier "ytmsearch:Nobody kaiju No8"
2026-03-07T20:46:34.795+07:00 ERROR 38396 --- [Lavalink] [XNIO-1 task-3] l.server.player.AudioLoaderRestHandler   : Failed to load track for identifier ytmsearch:Nobody kaiju No8

com.sedmelluq.discord.lavaplayer.tools.FriendlyException: Something went wrong while looking up the track.
	at lavalink.server.util.LoadingKt.loadAudioItem(loading.kt:20) ~[classes!/:4.2.2]
	at lavalink.server.player.AudioLoaderRestHandler.loadTracks(AudioLoaderRestHandler.kt:59) ~[classes!/:4.2.2]
	at java.base/jdk.internal.reflect.DirectMethodHandleAccessor.invoke(DirectMethodHandleAccessor.java:103) ~[na:na]
	at java.base/java.lang.reflect.Method.invoke(Method.java:580) ~[na:na]
	at kotlin.reflect.jvm.internal.calls.CallerImpl$Method.callMethod(CallerImpl.kt:97) ~[kotlin-reflect-2.1.20.jar!/:2.1.20-release-217]
	at kotlin.reflect.jvm.internal.calls.CallerImpl$Method$Instance.call(CallerImpl.kt:113) ~[kotlin-reflect-2.1.20.jar!/:2.1.20-release-217]
	at kotlin.reflect.jvm.internal.KCallableImpl.callDefaultMethod$kotlin_reflection(KCallableImpl.kt:207) ~[kotlin-reflect-2.1.20.jar!/:2.1.20-release-217]
	at kotlin.reflect.jvm.internal.KCallableImpl.callBy(KCallableImpl.kt:112) ~[kotlin-reflect-2.1.20.jar!/:2.1.20-release-217]
	at org.springframework.web.method.support.InvocableHandlerMethod$KotlinDelegate.invokeFunction(InvocableHandlerMethod.java:334) ~[spring-web-6.1.15.jar!/:6.1.15]
	at org.springframework.web.method.support.InvocableHandlerMethod.doInvoke(InvocableHandlerMethod.java:252) ~[spring-web-6.1.15.jar!/:6.1.15]
	at org.springframework.web.method.support.InvocableHandlerMethod.invokeForRequest(InvocableHandlerMethod.java:188) ~[spring-web-6.1.15.jar!/:6.1.15]
	at org.springframework.web.servlet.mvc.method.annotation.ServletInvocableHandlerMethod.invokeAndHandle(ServletInvocableHandlerMethod.java:118) ~[spring-webmvc-6.1.8.jar!/:6.1.8]
	at org.springframework.web.servlet.mvc.method.annotation.RequestMappingHandlerAdapter.invokeHandlerMethod(RequestMappingHandlerAdapter.java:926) ~[spring-webmvc-6.1.8.jar!/:6.1.8]
	at org.springframework.web.servlet.mvc.method.annotation.RequestMappingHandlerAdapter.handleInternal(RequestMappingHandlerAdapter.java:831) ~[spring-webmvc-6.1.8.jar!/:6.1.8]
	at org.springframework.web.servlet.mvc.method.AbstractHandlerMethodAdapter.handle(AbstractHandlerMethodAdapter.java:87) ~[spring-webmvc-6.1.8.jar!/:6.1.8]
	at org.springframework.web.servlet.DispatcherServlet.doDispatch(DispatcherServlet.java:1089) ~[spring-webmvc-6.1.8.jar!/:6.1.8]
	at org.springframework.web.servlet.DispatcherServlet.doService(DispatcherServlet.java:979) ~[spring-webmvc-6.1.8.jar!/:6.1.8]
	at org.springframework.web.servlet.FrameworkServlet.processRequest(FrameworkServlet.java:1014) ~[spring-webmvc-6.1.8.jar!/:6.1.8]
	at org.springframework.web.servlet.FrameworkServlet.doGet(FrameworkServlet.java:903) ~[spring-webmvc-6.1.8.jar!/:6.1.8]
	at jakarta.servlet.http.HttpServlet.service(HttpServlet.java:527) ~[jakarta.servlet-api-6.0.0.jar!/:6.0.0]
	at org.springframework.web.servlet.FrameworkServlet.service(FrameworkServlet.java:885) ~[spring-webmvc-6.1.8.jar!/:6.1.8]
	at jakarta.servlet.http.HttpServlet.service(HttpServlet.java:614) ~[jakarta.servlet-api-6.0.0.jar!/:6.0.0]
	at io.undertow.servlet.handlers.ServletHandler.handleRequest(ServletHandler.java:74) ~[undertow-servlet-2.3.13.Final.jar!/:2.3.13.Final]
	at io.undertow.servlet.handlers.FilterHandler$FilterChainImpl.doFilter(FilterHandler.java:129) ~[undertow-servlet-2.3.13.Final.jar!/:2.3.13.Final]
	at org.springframework.web.filter.AbstractRequestLoggingFilter.doFilterInternal(AbstractRequestLoggingFilter.java:289) ~[spring-web-6.1.15.jar!/:6.1.15]
	at org.springframework.web.filter.OncePerRequestFilter.doFilter(OncePerRequestFilter.java:116) ~[spring-web-6.1.15.jar!/:6.1.15]
	at io.undertow.servlet.core.ManagedFilter.doFilter(ManagedFilter.java:67) ~[undertow-servlet-2.3.13.Final.jar!/:2.3.13.Final]
	at io.undertow.servlet.handlers.FilterHandler$FilterChainImpl.doFilter(FilterHandler.java:131) ~[undertow-servlet-2.3.13.Final.jar!/:2.3.13.Final]
	at lavalink.server.io.ResponseHeaderFilter.doFilterInternal(ResponseHeaderFilter.kt:17) ~[classes!/:4.2.2]
	at org.springframework.web.filter.OncePerRequestFilter.doFilter(OncePerRequestFilter.java:116) ~[spring-web-6.1.15.jar!/:6.1.15]
	at io.undertow.servlet.core.ManagedFilter.doFilter(ManagedFilter.java:67) ~[undertow-servlet-2.3.13.Final.jar!/:2.3.13.Final]
	at io.undertow.servlet.handlers.FilterHandler$FilterChainImpl.doFilter(FilterHandler.java:131) ~[undertow-servlet-2.3.13.Final.jar!/:2.3.13.Final]
	at org.springframework.web.filter.CharacterEncodingFilter.doFilterInternal(CharacterEncodingFilter.java:201) ~[spring-web-6.1.15.jar!/:6.1.15]
	at org.springframework.web.filter.OncePerRequestFilter.doFilter(OncePerRequestFilter.java:116) ~[spring-web-6.1.15.jar!/:6.1.15]
	at io.undertow.servlet.core.ManagedFilter.doFilter(ManagedFilter.java:67) ~[undertow-servlet-2.3.13.Final.jar!/:2.3.13.Final]
	at io.undertow.servlet.handlers.FilterHandler$FilterChainImpl.doFilter(FilterHandler.java:131) ~[undertow-servlet-2.3.13.Final.jar!/:2.3.13.Final]
	at io.undertow.servlet.handlers.FilterHandler.handleRequest(FilterHandler.java:84) ~[undertow-servlet-2.3.13.Final.jar!/:2.3.13.Final]
	at io.undertow.servlet.handlers.security.ServletSecurityRoleHandler.handleRequest(ServletSecurityRoleHandler.java:62) ~[undertow-servlet-2.3.13.Final.jar!/:2.3.13.Final]
	at io.undertow.servlet.handlers.ServletChain$1.handleRequest(ServletChain.java:68) ~[undertow-servlet-2.3.13.Final.jar!/:2.3.13.Final]
	at io.undertow.servlet.handlers.ServletDispatchingHandler.handleRequest(ServletDispatchingHandler.java:36) ~[undertow-servlet-2.3.13.Final.jar!/:2.3.13.Final]
	at io.undertow.servlet.handlers.RedirectDirHandler.handleRequest(RedirectDirHandler.java:68) ~[undertow-servlet-2.3.13.Final.jar!/:2.3.13.Final]
	at io.undertow.servlet.handlers.security.SSLInformationAssociationHandler.handleRequest(SSLInformationAssociationHandler.java:117) ~[undertow-servlet-2.3.13.Final.jar!/:2.3.13.Final]
	at io.undertow.servlet.handlers.security.ServletAuthenticationCallHandler.handleRequest(ServletAuthenticationCallHandler.java:57) ~[undertow-servlet-2.3.13.Final.jar!/:2.3.13.Final]
	at io.undertow.server.handlers.PredicateHandler.handleRequest(PredicateHandler.java:43) ~[undertow-core-2.3.13.Final.jar!/:2.3.13.Final]
	at io.undertow.security.handlers.AbstractConfidentialityHandler.handleRequest(AbstractConfidentialityHandler.java:46) ~[undertow-core-2.3.13.Final.jar!/:2.3.13.Final]
	at io.undertow.servlet.handlers.security.ServletConfidentialityConstraintHandler.handleRequest(ServletConfidentialityConstraintHandler.java:64) ~[undertow-servlet-2.3.13.Final.jar!/:2.3.13.Final]
	at io.undertow.security.handlers.AuthenticationMechanismsHandler.handleRequest(AuthenticationMechanismsHandler.java:60) ~[undertow-core-2.3.13.Final.jar!/:2.3.13.Final]
	at io.undertow.servlet.handlers.security.CachedAuthenticatedSessionHandler.handleRequest(CachedAuthenticatedSessionHandler.java:77) ~[undertow-servlet-2.3.13.Final.jar!/:2.3.13.Final]
	at io.undertow.security.handlers.AbstractSecurityContextAssociationHandler.handleRequest(AbstractSecurityContextAssociationHandler.java:43) ~[undertow-core-2.3.13.Final.jar!/:2.3.13.Final]
	at io.undertow.server.handlers.PredicateHandler.handleRequest(PredicateHandler.java:43) ~[undertow-core-2.3.13.Final.jar!/:2.3.13.Final]
	at io.undertow.servlet.handlers.SendErrorPageHandler.handleRequest(SendErrorPageHandler.java:52) ~[undertow-servlet-2.3.13.Final.jar!/:2.3.13.Final]
	at io.undertow.server.handlers.PredicateHandler.handleRequest(PredicateHandler.java:43) ~[undertow-core-2.3.13.Final.jar!/:2.3.13.Final]
	at io.undertow.servlet.handlers.ServletInitialHandler.handleFirstRequest(ServletInitialHandler.java:276) ~[undertow-servlet-2.3.13.Final.jar!/:2.3.13.Final]
	at io.undertow.servlet.handlers.ServletInitialHandler$2.call(ServletInitialHandler.java:135) ~[undertow-servlet-2.3.13.Final.jar!/:2.3.13.Final]
	at io.undertow.servlet.handlers.ServletInitialHandler$2.call(ServletInitialHandler.java:132) ~[undertow-servlet-2.3.13.Final.jar!/:2.3.13.Final]
	at io.undertow.servlet.core.ServletRequestContextThreadSetupAction$1.call(ServletRequestContextThreadSetupAction.java:48) ~[undertow-servlet-2.3.13.Final.jar!/:2.3.13.Final]
	at io.undertow.servlet.core.ContextClassLoaderSetupAction$1.call(ContextClassLoaderSetupAction.java:43) ~[undertow-servlet-2.3.13.Final.jar!/:2.3.13.Final]
	at io.undertow.servlet.handlers.ServletInitialHandler.dispatchRequest(ServletInitialHandler.java:256) ~[undertow-servlet-2.3.13.Final.jar!/:2.3.13.Final]
	at io.undertow.servlet.handlers.ServletInitialHandler$1.handleRequest(ServletInitialHandler.java:101) ~[undertow-servlet-2.3.13.Final.jar!/:2.3.13.Final]
	at io.undertow.server.Connectors.executeRootHandler(Connectors.java:393) ~[undertow-core-2.3.13.Final.jar!/:2.3.13.Final]
	at io.undertow.server.HttpServerExchange$1.run(HttpServerExchange.java:859) ~[undertow-core-2.3.13.Final.jar!/:2.3.13.Final]
	at org.jboss.threads.ContextHandler$1.runWith(ContextHandler.java:18) ~[jboss-threads-3.5.0.Final.jar!/:3.5.0.Final]
	at org.jboss.threads.EnhancedQueueExecutor$Task.run(EnhancedQueueExecutor.java:2513) ~[jboss-threads-3.5.0.Final.jar!/:3.5.0.Final]
	at org.jboss.threads.EnhancedQueueExecutor$ThreadBody.run(EnhancedQueueExecutor.java:1538) ~[jboss-threads-3.5.0.Final.jar!/:3.5.0.Final]
	at org.xnio.XnioWorker$WorkerThreadFactory$1$1.run(XnioWorker.java:1282) ~[xnio-api-3.8.8.Final.jar!/:3.8.8.Final]
	at java.base/java.lang.Thread.run(Thread.java:1575) ~[na:na]
Caused by: dev.lavalink.youtube.AllClientsFailedException: (yts.version: 1.18.0) All clients failed to load the item.

Client [WEB_REMIX] failed: java.net.SocketTimeoutException: Read timed outjava.net.SocketTimeoutException: Read timed out
	at com.sedmelluq.discord.lavaplayer.tools.ExceptionTools.toRuntimeException(ExceptionTools.java:67)
	at dev.lavalink.youtube.clients.skeleton.MusicClient.getMusicSearchResult(MusicClient.java:49)
	at dev.lavalink.youtube.clients.skeleton.MusicClient.loadSearchMusic(MusicClient.java:148)
	at dev.lavalink.youtube.YoutubeAudioSourceManager.lambda$getRouter$1(YoutubeAudioSourceManager.java:298)
	at dev.lavalink.youtube.YoutubeAudioSourceManager.loadItemOnce(YoutubeAudioSourceManager.java:249)
Caused by: Read timed out
	at java.base/sun.nio.ch.NioSocketImpl.timedRead(NioSocketImpl.java:278)
	at java.base/sun.nio.ch.NioSocketImpl.implRead(NioSocketImpl.java:304)
	at java.base/sun.nio.ch.NioSocketImpl.read(NioSocketImpl.java:346)
	at java.base/sun.nio.ch.NioSocketImpl$1.read(NioSocketImpl.java:796)
	at java.base/java.net.Socket$SocketInputStream.implRead(Socket.java:1116)
	at dev.lavalink.youtube.YoutubeAudioSourceManager.loadItemOnce(YoutubeAudioSourceManager.java:267) ~[jar:file:D:\project\csbot\src\lavalink\.\plugins\youtube-plugin-1.18.0.jar!/:na]
	at dev.lavalink.youtube.YoutubeAudioSourceManager.loadItem(YoutubeAudioSourceManager.java:205) ~[jar:file:D:\project\csbot\src\lavalink\.\plugins\youtube-plugin-1.18.0.jar!/:na]
	at com.sedmelluq.discord.lavaplayer.player.DefaultAudioPlayerManager.checkSourcesForItemOnce(DefaultAudioPlayerManager.java:442) ~[lavaplayer-2.2.6.jar!/:na]
	at com.sedmelluq.discord.lavaplayer.player.DefaultAudioPlayerManager.checkSourcesForItem(DefaultAudioPlayerManager.java:423) ~[lavaplayer-2.2.6.jar!/:na]
	at com.sedmelluq.discord.lavaplayer.player.DefaultAudioPlayerManager.loadItemSync(DefaultAudioPlayerManager.java:154) ~[lavaplayer-2.2.6.jar!/:na]
	at com.sedmelluq.discord.lavaplayer.player.AudioPlayerManager.loadItemSync(AudioPlayerManager.java:127) ~[lavaplayer-2.2.6.jar!/:na]
	at lavalink.server.util.LoadingKt.loadAudioItem(loading.kt:15) ~[classes!/:4.2.2]
	... 65 common frames omitted

2026-03-07T20:46:34.807+07:00  INFO 38396 --- [Lavalink] [XNIO-1 task-3] l.server.io.RequestLoggingFilter         : GET /v4/loadtracks?identifier=ytmsearch:Nobody%20kaiju%20No8
2026-03-07T20:46:49.230+07:00  INFO 38396 --- [Lavalink] [XNIO-1 task-3] l.server.io.RequestLoggingFilter         : DELETE /v4/sessions/lbsaoe96elsk165m/players/979689935063875584
2026-03-07T20:46:49.766+07:00  INFO 38396 --- [Lavalink] [XNIO-1 I/O-25] lavalink.server.io.SocketServer          : Connection closed from /[0:0:0:0:0:0:0:1]:62944 with status CloseStatus[code=1006, reason=] -- Session can be resumed within the next 60 seconds with id lbsaoe96elsk165m
2026-03-07T20:47:49.771+07:00  INFO 38396 --- [Lavalink] [pool-2-thread-1] lavalink.server.io.SocketContext         : Shutting down 0 playing players.
