2024-07-26T21:08:45.368+07:00  INFO 18065 --- [main] lavalink.server.Launcher                 : Starting Launcher v4.0.5 using Java 22.0.2 with PID 18065 (/Users/littlebirdd/Desktop/project/csbot/lavalink/Lavalink.jar started by littlebirdd in /Users/littlebirdd/Desktop/project/csbot/lavalink)
2024-07-26T21:08:46.403+07:00  INFO 18065 --- [main] lavalink.server.Launcher                 : No active profile set, falling back to 1 default profile: "default"
2024-07-26T21:08:54.872+07:00  INFO 18065 --- [main] l.server.bootstrap.PluginManager         : Downloading https://maven.lavalink.dev/releases/com/github/topi314/lavasrc/lavasrc-plugin/4.1.0/lavasrc-plugin-4.1.0.jar
2024-07-26T21:11:40.807+07:00  INFO 18195 --- [main] lavalink.server.Launcher                 : Starting Launcher v4.0.5 using Java 22.0.2 with PID 18195 (/Users/littlebirdd/Desktop/project/csbot/lavalink/Lavalink.jar started by littlebirdd in /Users/littlebirdd/Desktop/project/csbot/lavalink)
2024-07-26T21:11:42.598+07:00  INFO 18195 --- [main] lavalink.server.Launcher                 : No active profile set, falling back to 1 default profile: "default"
2024-07-26T21:11:52.608+07:00  WARN 18195 --- [main] s.c.a.AnnotationConfigApplicationContext : Exception encountered during context initialization - cancelling refresh attempt: org.springframework.beans.factory.BeanCreationException: Error creating bean with name 'pluginManager': Failed to instantiate [lavalink.server.bootstrap.PluginManager$$SpringCGLIB$$0]: Constructor threw exception
2024-07-26T21:11:52.750+07:00  INFO 18195 --- [main] .s.b.a.l.ConditionEvaluationReportLogger : 

Error starting ApplicationContext. To display the condition evaluation report re-run your application with 'debug' enabled.
2024-07-26T21:11:53.055+07:00 ERROR 18195 --- [main] o.s.boot.SpringApplication               : Application run failed

org.springframework.beans.factory.BeanCreationException: Error creating bean with name 'pluginManager': Failed to instantiate [lavalink.server.bootstrap.PluginManager$$SpringCGLIB$$0]: Constructor threw exception
	at org.springframework.beans.factory.support.ConstructorResolver.instantiate(ConstructorResolver.java:326) ~[spring-beans-6.0.9.jar!/:6.0.9]
	at org.springframework.beans.factory.support.ConstructorResolver.autowireConstructor(ConstructorResolver.java:314) ~[spring-beans-6.0.9.jar!/:6.0.9]
	at org.springframework.beans.factory.support.AbstractAutowireCapableBeanFactory.autowireConstructor(AbstractAutowireCapableBeanFactory.java:1352) ~[spring-beans-6.0.9.jar!/:6.0.9]
	at org.springframework.beans.factory.support.AbstractAutowireCapableBeanFactory.createBeanInstance(AbstractAutowireCapableBeanFactory.java:1189) ~[spring-beans-6.0.9.jar!/:6.0.9]
	at org.springframework.beans.factory.support.AbstractAutowireCapableBeanFactory.doCreateBean(AbstractAutowireCapableBeanFactory.java:560) ~[spring-beans-6.0.9.jar!/:6.0.9]
	at org.springframework.beans.factory.support.AbstractAutowireCapableBeanFactory.createBean(AbstractAutowireCapableBeanFactory.java:520) ~[spring-beans-6.0.9.jar!/:6.0.9]
	at org.springframework.beans.factory.support.AbstractBeanFactory.lambda$doGetBean$0(AbstractBeanFactory.java:326) ~[spring-beans-6.0.9.jar!/:6.0.9]
	at org.springframework.beans.factory.support.DefaultSingletonBeanRegistry.getSingleton(DefaultSingletonBeanRegistry.java:234) ~[spring-beans-6.0.9.jar!/:6.0.9]
	at org.springframework.beans.factory.support.AbstractBeanFactory.doGetBean(AbstractBeanFactory.java:324) ~[spring-beans-6.0.9.jar!/:6.0.9]
	at org.springframework.beans.factory.support.AbstractBeanFactory.getBean(AbstractBeanFactory.java:200) ~[spring-beans-6.0.9.jar!/:6.0.9]
	at org.springframework.beans.factory.support.DefaultListableBeanFactory.preInstantiateSingletons(DefaultListableBeanFactory.java:973) ~[spring-beans-6.0.9.jar!/:6.0.9]
	at org.springframework.context.support.AbstractApplicationContext.finishBeanFactoryInitialization(AbstractApplicationContext.java:941) ~[spring-context-6.0.9.jar!/:6.0.9]
	at org.springframework.context.support.AbstractApplicationContext.refresh(AbstractApplicationContext.java:608) ~[spring-context-6.0.9.jar!/:6.0.9]
	at org.springframework.boot.SpringApplication.refresh(SpringApplication.java:733) ~[spring-boot-3.1.0.jar!/:3.1.0]
	at org.springframework.boot.SpringApplication.refreshContext(SpringApplication.java:435) ~[spring-boot-3.1.0.jar!/:3.1.0]
	at org.springframework.boot.SpringApplication.run(SpringApplication.java:311) ~[spring-boot-3.1.0.jar!/:3.1.0]
	at lavalink.server.Launcher.launchPluginBootstrap(Launcher.kt:132) ~[classes!/:4.0.5]
	at lavalink.server.Launcher.main(Launcher.kt:125) ~[classes!/:4.0.5]
	at java.base/jdk.internal.reflect.DirectMethodHandleAccessor.invoke(DirectMethodHandleAccessor.java:103) ~[na:na]
	at java.base/java.lang.reflect.Method.invoke(Method.java:580) ~[na:na]
	at org.springframework.boot.loader.MainMethodRunner.run(MainMethodRunner.java:49) ~[Lavalink.jar:4.0.5]
	at org.springframework.boot.loader.Launcher.launch(Launcher.java:95) ~[Lavalink.jar:4.0.5]
	at org.springframework.boot.loader.Launcher.launch(Launcher.java:58) ~[Lavalink.jar:4.0.5]
	at org.springframework.boot.loader.JarLauncher.main(JarLauncher.java:65) ~[Lavalink.jar:4.0.5]
Caused by: org.springframework.beans.BeanInstantiationException: Failed to instantiate [lavalink.server.bootstrap.PluginManager$$SpringCGLIB$$0]: Constructor threw exception
	at org.springframework.beans.BeanUtils.instantiateClass(BeanUtils.java:224) ~[spring-beans-6.0.9.jar!/:6.0.9]
	at org.springframework.beans.factory.support.SimpleInstantiationStrategy.instantiate(SimpleInstantiationStrategy.java:110) ~[spring-beans-6.0.9.jar!/:6.0.9]
	at org.springframework.beans.factory.support.ConstructorResolver.instantiate(ConstructorResolver.java:323) ~[spring-beans-6.0.9.jar!/:6.0.9]
	... 23 common frames omitted
Caused by: java.util.zip.ZipException: zip END header not found
	at java.base/java.util.zip.ZipFile$Source.findEND(ZipFile.java:1695) ~[na:na]
	at java.base/java.util.zip.ZipFile$Source.initCEN(ZipFile.java:1703) ~[na:na]
	at java.base/java.util.zip.ZipFile$Source.<init>(ZipFile.java:1541) ~[na:na]
	at java.base/java.util.zip.ZipFile$Source.get(ZipFile.java:1504) ~[na:na]
	at java.base/java.util.zip.ZipFile$CleanableResource.<init>(ZipFile.java:724) ~[na:na]
	at java.base/java.util.zip.ZipFile.<init>(ZipFile.java:251) ~[na:na]
	at java.base/java.util.zip.ZipFile.<init>(ZipFile.java:180) ~[na:na]
	at java.base/java.util.jar.JarFile.<init>(JarFile.java:345) ~[na:na]
	at java.base/java.util.jar.JarFile.<init>(JarFile.java:316) ~[na:na]
	at java.base/java.util.jar.JarFile.<init>(JarFile.java:282) ~[na:na]
	at lavalink.server.bootstrap.PluginManager.manageDownloads(PluginManager.kt:43) ~[classes!/:4.0.5]
	at lavalink.server.bootstrap.PluginManager.<init>(PluginManager.kt:27) ~[classes!/:4.0.5]
	at lavalink.server.bootstrap.PluginManager$$SpringCGLIB$$0.<init>(<generated>) ~[classes!/:4.0.5]
	at java.base/jdk.internal.reflect.DirectConstructorHandleAccessor.newInstance(DirectConstructorHandleAccessor.java:62) ~[na:na]
	at java.base/java.lang.reflect.Constructor.newInstanceWithCaller(Constructor.java:502) ~[na:na]
	at java.base/java.lang.reflect.Constructor.newInstance(Constructor.java:486) ~[na:na]
	at org.springframework.beans.BeanUtils.instantiateClass(BeanUtils.java:211) ~[spring-beans-6.0.9.jar!/:6.0.9]
	... 25 common frames omitted

2024-07-26T21:12:07.736+07:00  INFO 18065 --- [main] l.server.bootstrap.PluginManager         : Downloading https://maven.lavalink.dev/releases/dev/lavalink/youtube/youtube-plugin/1.2.0/youtube-plugin-1.2.0.jar
2024-07-26T21:12:17.076+07:00  INFO 18065 --- [main] l.server.bootstrap.PluginManager         : Loaded lavasrc-plugin-4.1.0.jar (128 classes)
2024-07-26T21:12:17.181+07:00  INFO 18065 --- [main] l.server.bootstrap.PluginManager         : Loaded youtube-plugin-1.2.0.jar (9 classes)
2024-07-26T21:18:21.320+07:00  INFO 18345 --- [Lavalink] [main] lavalink.server.Launcher                 : Starting Launcher v4.0.7 using Java 22.0.2 with PID 18345 (/Users/littlebirdd/Desktop/project/csbot/lavalink/Lavalink.jar started by littlebirdd in /Users/littlebirdd/Desktop/project/csbot/lavalink)
2024-07-26T21:18:22.291+07:00  INFO 18345 --- [Lavalink] [main] lavalink.server.Launcher                 : No active profile set, falling back to 1 default profile: "default"
2024-07-26T21:18:33.620+07:00  INFO 18345 --- [Lavalink] [main] l.server.bootstrap.PluginManager         : Found plugin 'lavasrc-plugin' version 4.1.0
2024-07-26T21:18:33.628+07:00  INFO 18345 --- [Lavalink] [main] l.server.bootstrap.PluginManager         : Found plugin 'youtube-plugin' version 1.2.0
2024-07-26T21:18:33.683+07:00  INFO 18345 --- [Lavalink] [main] l.server.bootstrap.PluginManager         : Deleted ./plugins/lavasrc-plugin-4.1.0.jar (new version: 4.1.1)
2024-07-26T21:18:33.708+07:00  INFO 18345 --- [Lavalink] [main] l.server.bootstrap.PluginManager         : Downloading https://maven.lavalink.dev/releases/com/github/topi314/lavasrc/lavasrc-plugin/4.1.1/lavasrc-plugin-4.1.1.jar
2024-07-26T21:18:50.144+07:00  INFO 18345 --- [Lavalink] [main] l.server.bootstrap.PluginManager         : Deleted ./plugins/youtube-plugin-1.2.0.jar (new version: 1.4.0)
2024-07-26T21:18:50.145+07:00  INFO 18345 --- [Lavalink] [main] l.server.bootstrap.PluginManager         : Downloading https://maven.lavalink.dev/releases/dev/lavalink/youtube/youtube-plugin/1.4.0/youtube-plugin-1.4.0.jar
2024-07-26T21:18:57.656+07:00  INFO 18345 --- [Lavalink] [main] l.server.bootstrap.PluginManager         : Loaded lavasrc-plugin-4.1.1.jar (129 classes)
2024-07-26T21:18:57.708+07:00  INFO 18345 --- [Lavalink] [main] l.server.bootstrap.PluginManager         : Loaded youtube-plugin-1.4.0.jar (10 classes)
2024-07-26T21:18:59.460+07:00  INFO 18345 --- [Lavalink] [main] lavalink.server.Launcher                 : Started Launcher in 44.276 seconds (process running for 49.537)
2024-07-26T21:18:59.958+07:00  INFO 18345 --- [Lavalink] [main] lavalink.server.Launcher                 : 

[32m       .  [31m _                  _ _       _    [32m__ _ _
[32m      /\\ [31m| | __ ___   ____ _| (_)_ __ | | __[32m\ \ \ \
[32m     ( ( )[31m| |/ _` \ \ / / _` | | | '_ \| |/ /[32m \ \ \ \
[32m      \\/ [31m| | (_| |\ V / (_| | | | | | |   < [32m  ) ) ) )
[32m       '  [31m|_|\__,_| \_/ \__,_|_|_|_| |_|_|\_\[32m / / / /
[0m    =========================================[32m/_/_/_/[0m

	Version:        4.0.7
	Build time:     08.07.2024 22:14:17 UTC
	Branch          HEAD
	Commit:         93102f8
	Commit time:    08.07.2024 21:49:02 UTC
	JVM:            22.0.2
	Lavaplayer      2.2.1

2024-07-26T21:19:00.025+07:00  INFO 18345 --- [Lavalink] [main] lavalink.server.Launcher                 : No active profile set, falling back to 1 default profile: "default"
2024-07-26T21:19:05.776+07:00  WARN 18345 --- [Lavalink] [main] io.undertow.websockets.jsr               : UT026010: Buffer pool was not set on WebSocketDeploymentInfo, the default pool will be used
2024-07-26T21:19:06.018+07:00  INFO 18345 --- [Lavalink] [main] io.undertow.servlet                      : Initializing Spring embedded WebApplicationContext
2024-07-26T21:19:06.024+07:00  INFO 18345 --- [Lavalink] [main] w.s.c.ServletWebServerApplicationContext : Root WebApplicationContext: initialization completed in 5965 ms
2024-07-26T21:19:06.830+07:00  INFO 18345 --- [Lavalink] [main] c.g.t.lavasrc.plugin.LavaSrcPlugin       : Loading LavaSrc plugin...
2024-07-26T21:19:07.796+07:00  INFO 18345 --- [Lavalink] [main] c.s.d.l.tools.GarbageCollectionMonitor   : GC monitoring enabled, reporting results every 2 minutes.
2024-07-26T21:19:10.702+07:00  INFO 18345 --- [Lavalink] [main] c.g.t.lavasrc.plugin.LavaSrcPlugin       : Registering Spotify audio source manager...
2024-07-26T21:19:10.895+07:00  INFO 18345 --- [Lavalink] [main] d.l.youtube.plugin.YoutubePluginLoader   : YouTube source initialised with clients: WEB_REMIX, ANDROID, WEB 
2024-07-26T21:19:11.488+07:00  INFO 18345 --- [Lavalink] [main] l.server.config.KoeConfiguration         : OS: DARWIN, Arch: ARMv8_64
2024-07-26T21:19:11.494+07:00  INFO 18345 --- [Lavalink] [main] l.server.config.KoeConfiguration         : Enabling JDA-NAS
2024-07-26T21:19:11.557+07:00  INFO 18345 --- [Lavalink] [main] c.s.l.c.natives.NativeLibraryLoader      : Native library udpqueue: loading with filter null
2024-07-26T21:19:12.338+07:00  INFO 18345 --- [Lavalink] [main] c.s.l.c.natives.NativeLibraryLoader      : Native library udpqueue: successfully loaded.
2024-07-26T21:19:12.415+07:00  WARN 18345 --- [Lavalink] [main] l.server.config.SentryConfiguration      : Turning off sentry
2024-07-26T21:19:14.986+07:00  INFO 18345 --- [Lavalink] [main] io.undertow                              : starting server: Undertow - 2.3.13.Final
2024-07-26T21:19:15.166+07:00  INFO 18345 --- [Lavalink] [main] org.xnio                                 : XNIO version 3.8.8.Final
2024-07-26T21:19:15.209+07:00  INFO 18345 --- [Lavalink] [main] org.xnio.nio                             : XNIO NIO Implementation Version 3.8.8.Final
2024-07-26T21:19:16.228+07:00  INFO 18345 --- [Lavalink] [main] org.jboss.threads                        : JBoss Threads version 3.5.0.Final
2024-07-26T21:19:16.511+07:00  INFO 18345 --- [Lavalink] [main] o.s.b.w.e.undertow.UndertowWebServer     : Undertow started on port 2333 (http) with context path '/'
2024-07-26T21:19:16.620+07:00  INFO 18345 --- [Lavalink] [main] lavalink.server.Launcher                 : Started Launcher in 17.153 seconds (process running for 66.697)
2024-07-26T21:19:16.631+07:00  INFO 18345 --- [Lavalink] [main] lavalink.server.Launcher                 : Lavalink is ready to accept connections.
2024-07-26T21:19:30.007+07:00  INFO 18345 --- [Lavalink] [XNIO-1 task-2] io.undertow.servlet                      : Initializing Spring DispatcherServlet 'dispatcherServlet'
2024-07-26T21:19:30.007+07:00  INFO 18345 --- [Lavalink] [XNIO-1 task-2] o.s.web.servlet.DispatcherServlet        : Initializing Servlet 'dispatcherServlet'
2024-07-26T21:19:30.015+07:00  INFO 18345 --- [Lavalink] [XNIO-1 task-2] o.s.web.servlet.DispatcherServlet        : Completed initialization in 6 ms
2024-07-26T21:19:30.256+07:00  INFO 18345 --- [Lavalink] [XNIO-1 task-2] l.server.io.HandshakeInterceptorImpl     : Incoming connection from /[0:0:0:0:0:0:0:1]:50078
2024-07-26T21:19:30.367+07:00  INFO 18345 --- [Lavalink] [XNIO-1 task-2] l.server.io.RequestLoggingFilter         : GET /v4/websocket
2024-07-26T21:19:30.526+07:00  INFO 18345 --- [Lavalink] [XNIO-1 task-2] lavalink.server.io.SocketServer          : Connection successfully established from Wavelink/3.4.0
2024-07-26T21:19:30.870+07:00  INFO 18345 --- [Lavalink] [XNIO-1 task-3] l.server.io.RequestLoggingFilter         : PATCH /v4/sessions/zkkb3tuwwrxbfswi, payload={"resuming": true, "timeout": 60}
2024-07-26T21:19:31.127+07:00  INFO 18345 --- [Lavalink] [XNIO-1 task-3] l.server.io.RequestLoggingFilter         : GET /v4/info
2024-07-26T21:20:12.233+07:00  INFO 18345 --- [Lavalink] [XNIO-1 task-3] l.server.io.RequestLoggingFilter         : PATCH /v4/sessions/zkkb3tuwwrxbfswi/players/1247579677107687437?noReplace=True, payload={"voice": {"sessionId": "87215d332c4aadd7c8c4482750bf71cf", "token": "65ed199566ae6ca1", "endpoint": "singapore11123.discord.media:443"}}
2024-07-26T21:20:12.442+07:00  INFO 18345 --- [Lavalink] [XNIO-1 task-3] l.server.player.AudioLoaderRestHandler   : Got request to load for identifier "ytmsearch:ABCD nayoen"
2024-07-26T21:20:13.694+07:00  INFO 18345 --- [Lavalink] [XNIO-1 task-3] lavalink.server.player.AudioLoader       : Loaded playlist Search music results for: ABCD nayoen
2024-07-26T21:20:13.813+07:00  INFO 18345 --- [Lavalink] [XNIO-1 task-3] l.server.io.RequestLoggingFilter         : GET /v4/loadtracks?identifier=ytmsearch:ABCD%20nayoen
2024-07-26T21:20:13.835+07:00  INFO 18345 --- [Lavalink] [XNIO-1 task-3] l.server.io.RequestLoggingFilter         : PATCH /v4/sessions/zkkb3tuwwrxbfswi/players/1247579677107687437?noReplace=True, payload={"volume": 70}
2024-07-26T21:20:13.893+07:00  INFO 18345 --- [Lavalink] [XNIO-1 task-3] l.server.io.RequestLoggingFilter         : PATCH /v4/sessions/zkkb3tuwwrxbfswi/players/1247579677107687437?noReplace=False, payload={"track": {"encoded": "QAAA5gMABEFCQ0QABk5BWUVPTgAAAAAAAny4AAs0RzMwaUtkcUdlZwABACtodHRwczovL3d3dy55b3V0dWJlLmNvbS93YXRjaD92PTRHMzBpS2RxR2VnAQB+aHR0cHM6Ly9saDMuZ29vZ2xldXNlcmNvbnRlbnQuY29tL0h3NF9jYXAyS0l6Z1JHYW9jYTBnRHZyMllhWG9NejgyeXdtNVoxRmRYTEdIaGRVQW5CTy1EeDFRdWhfQkQydm56NDI2OFFFSTdzcEtuaG5SPXcxMDAwLWgxMDAwAAAHeW91dHViZQAAAAAAAAAA", "userData": {"requester": "littlxbirdd", "requester_icon": "https://cdn.discordapp.com/avatars/407176297991634954/2d8078aae9c773680f27c294797cac28.png?size=1024", "source": "youtube", "thumb": "https://lh3.googleusercontent.com/Hw4_cap2KIzgRGaoca0gDvr2YaXoMz82ywm5Z1FdXLGHhdUAnBO-Dx1Quh_BD2vnz4268QEI7spKnhnR=w1000-h1000"}}, "volume": 70, "position": 0, "endTime": null, "paused": false, "filters": {"equalizer": [{"band": 0, "gain": 0.0}, {"band": 1, "gain": 0.0}, {"band": 2, "gain": 0.0}, {"band": 3, "gain": 0.0}, {"band": 4, "gain": 0.0}, {"band": 5, "gain": 0.0}, {"band": 6, "gain": 0.0}, {"band": 7, "gain": 0.0}, {"band": 8, "gain": 0.0}, {"band": 9, "gain": 0.0}, {"band": 10, "gain": 0.0}, {"band": 11, "gain": 0.0}, {"band": 12, "gain": 0.0}, {"band": 13, "gain": 0.0}, {"band": 14, "gain": 0.0}]}}
2024-07-26T21:20:13.912+07:00  INFO 18345 --- [Lavalink] [XNIO-1 task-3] l.server.player.AudioLoaderRestHandler   : Got request to load for identifier "https://music.youtube.com/watch?v=4G30iKdqGeg8&list=RD4G30iKdqGeg"
2024-07-26T21:20:14.373+07:00  INFO 18345 --- [Lavalink] [XNIO-1 task-3] d.l.y.http.YoutubeAccessTokenTracker     : Updating YouTube visitor id succeeded, new one is CgtPQjZGMUF4Ukp5Yyie4Y61BjIKCgJUSBIEGgAgUDoMCAEgvavPguCT7NFm, next update will be after 600 seconds.
2024-07-26T21:20:16.809+07:00  INFO 18345 --- [Lavalink] [XNIO-1 task-3] lavalink.server.player.AudioLoader       : Loaded playlist Mix - ABCD
2024-07-26T21:20:16.833+07:00  INFO 18345 --- [Lavalink] [XNIO-1 task-3] l.server.io.RequestLoggingFilter         : GET /v4/loadtracks?identifier=https://music.youtube.com/watch?v%3D4G30iKdqGeg8%26list%3DRD4G30iKdqGeg
2024-07-26T21:20:20.673+07:00  INFO 18345 --- [Lavalink] [lava-daemon-pool-playback-1-thread-1] c.s.l.c.natives.NativeLibraryLoader      : Native library libmpg123-0: loading with filter com.sedmelluq.discord.lavaplayer.natives.ConnectorNativeLibLoader$$Lambda/0x00003ffe01827410@2d88d6f1
2024-07-26T21:20:20.676+07:00  INFO 18345 --- [Lavalink] [lava-daemon-pool-playback-1-thread-1] c.s.l.c.natives.NativeLibraryLoader      : Native library connector: loading with filter null
2024-07-26T21:20:21.738+07:00  INFO 18345 --- [Lavalink] [lava-daemon-pool-playback-1-thread-1] c.s.l.c.natives.NativeLibraryLoader      : Native library connector: successfully loaded.
2024-07-26T21:23:03.721+07:00  INFO 18345 --- [Lavalink] [XNIO-1 task-3] l.server.player.AudioLoaderRestHandler   : Got request to load for identifier "https://music.youtube.com/watch?v=v_gO_P8gug88&list=RDv_gO_P8gug8"
2024-07-26T21:23:05.217+07:00  INFO 18345 --- [Lavalink] [XNIO-1 task-3] lavalink.server.player.AudioLoader       : Loaded playlist Mix - Queencard (퀸카 (Queencard))
2024-07-26T21:23:05.254+07:00  INFO 18345 --- [Lavalink] [XNIO-1 task-3] l.server.io.RequestLoggingFilter         : GET /v4/loadtracks?identifier=https://music.youtube.com/watch?v%3Dv_gO_P8gug88%26list%3DRDv_gO_P8gug8
2024-07-26T21:23:05.400+07:00  INFO 18345 --- [Lavalink] [XNIO-1 task-3] l.server.io.RequestLoggingFilter         : PATCH /v4/sessions/zkkb3tuwwrxbfswi/players/1247579677107687437?noReplace=False, payload={"track": {"encoded": "QAAAnQMACkFybWFnZWRkb24ABWFlc3BhAAAAAAADAYgAC0JmSTg5WXhOelZZAAEAK2h0dHBzOi8vd3d3LnlvdXR1YmUuY29tL3dhdGNoP3Y9QmZJODlZeE56VlkBADBodHRwczovL2kueXRpbWcuY29tL3ZpL0JmSTg5WXhOelZZL21xZGVmYXVsdC5qcGcAAAd5b3V0dWJlAAAAAAAAAAA=", "userData": {}}, "volume": 70, "position": 0, "endTime": null, "paused": false, "filters": {"equalizer": [{"band": 0, "gain": 0.0}, {"band": 1, "gain": 0.0}, {"band": 2, "gain": 0.0}, {"band": 3, "gain": 0.0}, {"band": 4, "gain": 0.0}, {"band": 5, "gain": 0.0}, {"band": 6, "gain": 0.0}, {"band": 7, "gain": 0.0}, {"band": 8, "gain": 0.0}, {"band": 9, "gain": 0.0}, {"band": 10, "gain": 0.0}, {"band": 11, "gain": 0.0}, {"band": 12, "gain": 0.0}, {"band": 13, "gain": 0.0}, {"band": 14, "gain": 0.0}]}}
2024-07-26T21:23:36.330+07:00  INFO 18345 --- [Lavalink] [XNIO-1 task-3] l.server.player.AudioLoaderRestHandler   : Got request to load for identifier "ytmsearch:scientist twice"
2024-07-26T21:23:36.828+07:00  INFO 18345 --- [Lavalink] [XNIO-1 task-3] lavalink.server.player.AudioLoader       : Loaded playlist Search music results for: scientist twice
2024-07-26T21:23:36.844+07:00  INFO 18345 --- [Lavalink] [XNIO-1 task-3] l.server.io.RequestLoggingFilter         : GET /v4/loadtracks?identifier=ytmsearch:scientist%20twice
2024-07-26T21:23:41.097+07:00  INFO 18345 --- [Lavalink] [XNIO-1 task-3] l.server.player.AudioLoaderRestHandler   : Got request to load for identifier "ytmsearch:twice candy pop"
2024-07-26T21:23:41.613+07:00  INFO 18345 --- [Lavalink] [XNIO-1 task-3] lavalink.server.player.AudioLoader       : Loaded playlist Search music results for: twice candy pop
2024-07-26T21:23:41.615+07:00  INFO 18345 --- [Lavalink] [XNIO-1 task-3] l.server.io.RequestLoggingFilter         : GET /v4/loadtracks?identifier=ytmsearch:twice%20candy%20pop
2024-07-26T21:23:42.302+07:00  INFO 18345 --- [Lavalink] [XNIO-1 task-3] l.server.io.RequestLoggingFilter         : PATCH /v4/sessions/zkkb3tuwwrxbfswi/players/1247579677107687437?noReplace=False, payload={"track": {"encoded": null}}
2024-07-26T21:23:42.307+07:00  INFO 18345 --- [Lavalink] [XNIO-1 task-3] l.server.io.RequestLoggingFilter         : PATCH /v4/sessions/zkkb3tuwwrxbfswi/players/1247579677107687437?noReplace=False, payload={"track": {"encoded": "QAAA6gMACVNDSUVOVElTVAAFVFdJQ0UAAAAAAAL5uAALRk9ZSC1DeHRLSTgAAQAraHR0cHM6Ly93d3cueW91dHViZS5jb20vd2F0Y2g/dj1GT1lILUN4dEtJOAEAfmh0dHBzOi8vbGgzLmdvb2dsZXVzZXJjb250ZW50LmNvbS9WUFBmSmwweDJRenhycHhQZkxudjd6TEV5QjJSR0pZRWpQdVVBdnVEMDBSWG05dFlLMVVfc3NqeFFlZktETUhMem1OUm51TkxYR0MxSFJYNT13MTAwMC1oMTAwMAAAB3lvdXR1YmUAAAAAAAAAAA==", "userData": {"requester": "littlxbirdd", "requester_icon": "https://cdn.discordapp.com/avatars/407176297991634954/2d8078aae9c773680f27c294797cac28.png?size=1024", "source": "youtube", "thumb": "https://lh3.googleusercontent.com/VPPfJl0x2QzxrpxPfLnv7zLEyB2RGJYEjPuUAvuD00RXm9tYK1U_ssjxQefKDMHLzmNRnuNLXGC1HRX5=w1000-h1000"}}, "volume": 70, "position": 0, "endTime": null, "paused": false, "filters": {"equalizer": [{"band": 0, "gain": 0.0}, {"band": 1, "gain": 0.0}, {"band": 2, "gain": 0.0}, {"band": 3, "gain": 0.0}, {"band": 4, "gain": 0.0}, {"band": 5, "gain": 0.0}, {"band": 6, "gain": 0.0}, {"band": 7, "gain": 0.0}, {"band": 8, "gain": 0.0}, {"band": 9, "gain": 0.0}, {"band": 10, "gain": 0.0}, {"band": 11, "gain": 0.0}, {"band": 12, "gain": 0.0}, {"band": 13, "gain": 0.0}, {"band": 14, "gain": 0.0}]}}
2024-07-26T21:26:57.279+07:00  INFO 18345 --- [Lavalink] [XNIO-1 task-3] l.server.io.RequestLoggingFilter         : PATCH /v4/sessions/zkkb3tuwwrxbfswi/players/1247579677107687437?noReplace=False, payload={"track": {"encoded": "QAAA6gMACUNhbmR5IFBvcAAFVFdJQ0UAAAAAAAMY+AALS0ZfQ3JOUXJsVVUAAQAraHR0cHM6Ly93d3cueW91dHViZS5jb20vd2F0Y2g/dj1LRl9Dck5RcmxVVQEAfmh0dHBzOi8vbGgzLmdvb2dsZXVzZXJjb250ZW50LmNvbS9PZ3dhbzQtYkF2VXowVmFwSXZWajhmYnBrbjlmdnowRlRmLVBDRF9kLWZFU1JHbEdUaHlKOVNIVmV6Yl9tMTJSOGZicWVzRDJsckFaaWJ2UD13MTAwMC1oMTAwMAAAB3lvdXR1YmUAAAAAAAAAAA==", "userData": {"requester": "littlxbirdd", "requester_icon": "https://cdn.discordapp.com/avatars/407176297991634954/2d8078aae9c773680f27c294797cac28.png?size=1024", "source": "youtube", "thumb": "https://lh3.googleusercontent.com/Ogwao4-bAvUz0VapIvVj8fbpkn9fvz0FTf-PCD_d-fESRGlGThyJ9SHVezb_m12R8fbqesD2lrAZibvP=w1000-h1000"}}, "volume": 70, "position": 0, "endTime": null, "paused": false, "filters": {"equalizer": [{"band": 0, "gain": 0.0}, {"band": 1, "gain": 0.0}, {"band": 2, "gain": 0.0}, {"band": 3, "gain": 0.0}, {"band": 4, "gain": 0.0}, {"band": 5, "gain": 0.0}, {"band": 6, "gain": 0.0}, {"band": 7, "gain": 0.0}, {"band": 8, "gain": 0.0}, {"band": 9, "gain": 0.0}, {"band": 10, "gain": 0.0}, {"band": 11, "gain": 0.0}, {"band": 12, "gain": 0.0}, {"band": 13, "gain": 0.0}, {"band": 14, "gain": 0.0}]}}
2024-07-26T21:26:57.937+07:00 ERROR 18345 --- [Lavalink] [lava-daemon-pool-playback-1-thread-2] c.s.d.l.t.p.LocalAudioTrackExecutor      : Error in playback of KF_CrNQrlUU

com.sedmelluq.discord.lavaplayer.tools.FriendlyException: Something broke when playing the track.
	at com.sedmelluq.discord.lavaplayer.tools.ExceptionTools.wrapUnfriendlyExceptions(ExceptionTools.java:45) ~[lavaplayer-2.2.1.jar!/:na]
	at com.sedmelluq.discord.lavaplayer.track.playback.LocalAudioTrackExecutor.execute(LocalAudioTrackExecutor.java:121) ~[lavaplayer-2.2.1.jar!/:na]
	at com.sedmelluq.discord.lavaplayer.player.DefaultAudioPlayerManager.lambda$executeTrack$2(DefaultAudioPlayerManager.java:339) ~[lavaplayer-2.2.1.jar!/:na]
	at java.base/java.util.concurrent.ThreadPoolExecutor.runWorker(ThreadPoolExecutor.java:1144) ~[na:na]
	at java.base/java.util.concurrent.ThreadPoolExecutor$Worker.run(ThreadPoolExecutor.java:642) ~[na:na]
	at java.base/java.lang.Thread.run(Thread.java:1570) ~[na:na]
Caused by: java.lang.RuntimeException: Not success status code: 403
	at com.sedmelluq.discord.lavaplayer.tools.io.PersistentHttpStream.validateStatusCode(PersistentHttpStream.java:88) ~[lavaplayer-2.2.1.jar!/:na]
	at com.sedmelluq.discord.lavaplayer.tools.io.PersistentHttpStream.attemptConnect(PersistentHttpStream.java:124) ~[lavaplayer-2.2.1.jar!/:na]
	at com.sedmelluq.discord.lavaplayer.tools.io.PersistentHttpStream.connect(PersistentHttpStream.java:106) ~[lavaplayer-2.2.1.jar!/:na]
	at com.sedmelluq.discord.lavaplayer.tools.io.PersistentHttpStream.internalRead(PersistentHttpStream.java:158) ~[lavaplayer-2.2.1.jar!/:na]
	at com.sedmelluq.discord.lavaplayer.tools.io.PersistentHttpStream.read(PersistentHttpStream.java:174) ~[lavaplayer-2.2.1.jar!/:na]
	at java.base/java.io.DataInputStream.readUnsignedByte(DataInputStream.java:295) ~[na:na]
	at java.base/java.io.DataInputStream.readByte(DataInputStream.java:275) ~[na:na]
	at com.sedmelluq.discord.lavaplayer.container.matroska.format.MatroskaEbmlReader.readEbmlInteger(MatroskaEbmlReader.java:39) ~[lavaplayer-2.2.1.jar!/:na]
	at com.sedmelluq.discord.lavaplayer.container.matroska.format.MatroskaFileReader.readNextElement(MatroskaFileReader.java:47) ~[lavaplayer-2.2.1.jar!/:na]
	at com.sedmelluq.discord.lavaplayer.container.matroska.MatroskaStreamingFile.readFile(MatroskaStreamingFile.java:94) ~[lavaplayer-2.2.1.jar!/:na]
	at com.sedmelluq.discord.lavaplayer.container.matroska.MatroskaAudioTrack.loadMatroskaFile(MatroskaAudioTrack.java:52) ~[lavaplayer-2.2.1.jar!/:na]
	at com.sedmelluq.discord.lavaplayer.container.matroska.MatroskaAudioTrack.process(MatroskaAudioTrack.java:35) ~[lavaplayer-2.2.1.jar!/:na]
	at com.sedmelluq.discord.lavaplayer.track.DelegatedAudioTrack.processDelegate(DelegatedAudioTrack.java:25) ~[lavaplayer-2.2.1.jar!/:na]
	at dev.lavalink.youtube.track.YoutubeAudioTrack.processStatic(YoutubeAudioTrack.java:148) ~[youtube-plugin-1.4.0.jar!/:na]
	at dev.lavalink.youtube.track.YoutubeAudioTrack.processWithClient(YoutubeAudioTrack.java:116) ~[youtube-plugin-1.4.0.jar!/:na]
	at dev.lavalink.youtube.track.YoutubeAudioTrack.process(YoutubeAudioTrack.java:71) ~[youtube-plugin-1.4.0.jar!/:na]
	at com.sedmelluq.discord.lavaplayer.track.playback.LocalAudioTrackExecutor.execute(LocalAudioTrackExecutor.java:109) ~[lavaplayer-2.2.1.jar!/:na]
	... 4 common frames omitted

2024-07-26T21:26:57.989+07:00  INFO 18345 --- [Lavalink] [XNIO-1 task-3] l.server.io.RequestLoggingFilter         : PATCH /v4/sessions/zkkb3tuwwrxbfswi/players/1247579677107687437?noReplace=False, payload={"track": {"encoded": "QAAA4QMAHlF1ZWVuY2FyZCAo7YC47Lm0IChRdWVlbmNhcmQpKQA1KEcpSS1ETEUgKOyXrOyekCnslYTsnbTrk6QgKE9mZmljaWFsIFlvdVR1YmUgQ2hhbm5lbCkAAAAAAAJ40AALdl9nT19QOGd1ZzgAAQAraHR0cHM6Ly93d3cueW91dHViZS5jb20vd2F0Y2g/dj12X2dPX1A4Z3VnOAEAMGh0dHBzOi8vaS55dGltZy5jb20vdmkvdl9nT19QOGd1ZzgvbXFkZWZhdWx0LmpwZwAAB3lvdXR1YmUAAAAAAAAAAA==", "userData": {}}, "volume": 70, "position": 0, "endTime": null, "paused": false, "filters": {"equalizer": [{"band": 0, "gain": 0.0}, {"band": 1, "gain": 0.0}, {"band": 2, "gain": 0.0}, {"band": 3, "gain": 0.0}, {"band": 4, "gain": 0.0}, {"band": 5, "gain": 0.0}, {"band": 6, "gain": 0.0}, {"band": 7, "gain": 0.0}, {"band": 8, "gain": 0.0}, {"band": 9, "gain": 0.0}, {"band": 10, "gain": 0.0}, {"band": 11, "gain": 0.0}, {"band": 12, "gain": 0.0}, {"band": 13, "gain": 0.0}, {"band": 14, "gain": 0.0}]}}
2024-07-26T21:29:39.760+07:00  INFO 18345 --- [Lavalink] [XNIO-1 task-3] l.server.io.RequestLoggingFilter         : PATCH /v4/sessions/zkkb3tuwwrxbfswi/players/1247579677107687437?noReplace=False, payload={"track": {"encoded": "QAAAtwMAGFRXSUNFICJBbGNvaG9sLUZyZWUiIE0vVgARSllQIEVudGVydGFpbm1lbnQAAAAAAAND8AALWEEyWUVIbi1BOFEAAQAraHR0cHM6Ly93d3cueW91dHViZS5jb20vd2F0Y2g/dj1YQTJZRUhuLUE4UQEAMGh0dHBzOi8vaS55dGltZy5jb20vdmkvWEEyWUVIbi1BOFEvbXFkZWZhdWx0LmpwZwAAB3lvdXR1YmUAAAAAAAAAAA==", "userData": {}}, "volume": 70, "position": 0, "endTime": null, "paused": false, "filters": {"equalizer": [{"band": 0, "gain": 0.0}, {"band": 1, "gain": 0.0}, {"band": 2, "gain": 0.0}, {"band": 3, "gain": 0.0}, {"band": 4, "gain": 0.0}, {"band": 5, "gain": 0.0}, {"band": 6, "gain": 0.0}, {"band": 7, "gain": 0.0}, {"band": 8, "gain": 0.0}, {"band": 9, "gain": 0.0}, {"band": 10, "gain": 0.0}, {"band": 11, "gain": 0.0}, {"band": 12, "gain": 0.0}, {"band": 13, "gain": 0.0}, {"band": 14, "gain": 0.0}]}}
2024-07-26T21:33:22.650+07:00  INFO 18345 --- [Lavalink] [XNIO-1 task-3] l.server.io.RequestLoggingFilter         : PATCH /v4/sessions/zkkb3tuwwrxbfswi/players/1247579677107687437?noReplace=False, payload={"track": {"encoded": "QAAAtwMAGFRXSUNFICJBbGNvaG9sLUZyZWUiIE0vVgARSllQIEVudGVydGFpbm1lbnQAAAAAAAND8AALWEEyWUVIbi1BOFEAAQAraHR0cHM6Ly93d3cueW91dHViZS5jb20vd2F0Y2g/dj1YQTJZRUhuLUE4UQEAMGh0dHBzOi8vaS55dGltZy5jb20vdmkvWEEyWUVIbi1BOFEvbXFkZWZhdWx0LmpwZwAAB3lvdXR1YmUAAAAAAAAAAA==", "userData": {"requester": "Recommended", "requester_icon": "https://cdn.discordapp.com/avatars/1259768843190927381/18a438e6fa2c1682644248d97dcfe494.png?size=1024"}}, "volume": 70, "position": 0, "endTime": null, "paused": false, "filters": {"equalizer": [{"band": 0, "gain": 0.0}, {"band": 1, "gain": 0.0}, {"band": 2, "gain": 0.0}, {"band": 3, "gain": 0.0}, {"band": 4, "gain": 0.0}, {"band": 5, "gain": 0.0}, {"band": 6, "gain": 0.0}, {"band": 7, "gain": 0.0}, {"band": 8, "gain": 0.0}, {"band": 9, "gain": 0.0}, {"band": 10, "gain": 0.0}, {"band": 11, "gain": 0.0}, {"band": 12, "gain": 0.0}, {"band": 13, "gain": 0.0}, {"band": 14, "gain": 0.0}]}}
2024-07-26T21:33:31.740+07:00  INFO 18345 --- [Lavalink] [XNIO-1 task-3] l.server.io.RequestLoggingFilter         : PATCH /v4/sessions/zkkb3tuwwrxbfswi/players/1247579677107687437?noReplace=False, payload={"track": {"encoded": null}}
2024-07-26T21:33:45.400+07:00 ERROR 18345 --- [Lavalink] [nioEventLoopGroup-2-1] lavalink.server.io.SocketContext         : Koe encountered a voice gateway exception for guild 1247579677107687437

java.net.SocketException: Connection reset
	at java.base/sun.nio.ch.SocketChannelImpl.throwConnectionReset(SocketChannelImpl.java:403) ~[na:na]
	at java.base/sun.nio.ch.SocketChannelImpl.implRead(SocketChannelImpl.java:435) ~[na:na]
	at java.base/sun.nio.ch.SocketChannelImpl.read(SocketChannelImpl.java:493) ~[na:na]
	at io.netty.buffer.PooledByteBuf.setBytes(PooledByteBuf.java:255) ~[netty-buffer-4.1.109.Final.jar!/:4.1.109.Final]
	at io.netty.buffer.AbstractByteBuf.writeBytes(AbstractByteBuf.java:1132) ~[netty-buffer-4.1.109.Final.jar!/:4.1.109.Final]
	at io.netty.channel.socket.nio.NioSocketChannel.doReadBytes(NioSocketChannel.java:357) ~[netty-transport-4.1.109.Final.jar!/:4.1.109.Final]
	at io.netty.channel.nio.AbstractNioByteChannel$NioByteUnsafe.read(AbstractNioByteChannel.java:151) ~[netty-transport-4.1.109.Final.jar!/:4.1.109.Final]
	at io.netty.channel.nio.NioEventLoop.processSelectedKey(NioEventLoop.java:788) ~[netty-transport-4.1.109.Final.jar!/:4.1.109.Final]
	at io.netty.channel.nio.NioEventLoop.processSelectedKeysOptimized(NioEventLoop.java:724) ~[netty-transport-4.1.109.Final.jar!/:4.1.109.Final]
	at io.netty.channel.nio.NioEventLoop.processSelectedKeys(NioEventLoop.java:650) ~[netty-transport-4.1.109.Final.jar!/:4.1.109.Final]
	at io.netty.channel.nio.NioEventLoop.run(NioEventLoop.java:562) ~[netty-transport-4.1.109.Final.jar!/:4.1.109.Final]
	at io.netty.util.concurrent.SingleThreadEventExecutor$4.run(SingleThreadEventExecutor.java:997) ~[netty-common-4.1.109.Final.jar!/:4.1.109.Final]
	at io.netty.util.internal.ThreadExecutorMap$2.run(ThreadExecutorMap.java:74) ~[netty-common-4.1.109.Final.jar!/:4.1.109.Final]
	at io.netty.util.concurrent.FastThreadLocalRunnable.run(FastThreadLocalRunnable.java:30) ~[netty-common-4.1.109.Final.jar!/:4.1.109.Final]
	at java.base/java.lang.Thread.run(Thread.java:1570) ~[na:na]

2024-07-26T21:33:57.092+07:00  INFO 18345 --- [Lavalink] [XNIO-1 task-3] l.server.io.RequestLoggingFilter         : DELETE /v4/sessions/zkkb3tuwwrxbfswi/players/1247579677107687437
2024-07-26T21:34:40.909+07:00  INFO 18345 --- [Lavalink] [XNIO-1 I/O-5] lavalink.server.io.SocketServer          : Connection closed from /[0:0:0:0:0:0:0:1]:50078 with status CloseStatus[code=1006, reason=] -- Session can be resumed within the next 60 seconds with id zkkb3tuwwrxbfswi
2024-07-26T21:40:17.412+07:00  INFO 18345 --- [Lavalink] [pool-2-thread-1] lavalink.server.io.SocketContext         : Shutting down 0 playing players.
2024-07-26T21:48:49.194+07:00  INFO 18345 --- [Lavalink] [SpringApplicationShutdownHook] io.undertow                              : stopping server: Undertow - 2.3.13.Final
2024-07-26T21:48:49.199+07:00  INFO 18345 --- [Lavalink] [SpringApplicationShutdownHook] io.undertow.servlet                      : Destroying Spring FrameworkServlet 'dispatcherServlet'
2024-07-26T21:48:49.201+07:00  INFO 18345 --- [Lavalink] [SpringApplicationShutdownHook] c.s.d.l.tools.GarbageCollectionMonitor   : GC monitoring disabled.
2024-07-26T23:16:27.776+07:00  INFO 21149 --- [Lavalink] [main] lavalink.server.Launcher                 : Starting Launcher v4.0.7 using Java 22.0.2 with PID 21149 (/Users/littlebirdd/Desktop/project/csbot/lavalink/Lavalink.jar started by littlebirdd in /Users/littlebirdd/Desktop/project/csbot/lavalink)
2024-07-26T23:16:29.018+07:00  INFO 21149 --- [Lavalink] [main] lavalink.server.Launcher                 : No active profile set, falling back to 1 default profile: "default"
2024-07-26T23:16:51.068+07:00  INFO 21149 --- [Lavalink] [main] l.server.bootstrap.PluginManager         : Found plugin 'lavasrc-plugin' version 4.1.1
2024-07-26T23:16:51.068+07:00  INFO 21149 --- [Lavalink] [main] l.server.bootstrap.PluginManager         : Found plugin 'youtube-plugin' version 1.4.0
2024-07-26T23:16:53.661+07:00  INFO 21149 --- [Lavalink] [main] l.server.bootstrap.PluginManager         : Loaded lavasrc-plugin-4.1.1.jar (129 classes)
2024-07-26T23:16:53.705+07:00  INFO 21149 --- [Lavalink] [main] l.server.bootstrap.PluginManager         : Loaded youtube-plugin-1.4.0.jar (10 classes)
2024-07-26T23:16:57.359+07:00  INFO 21149 --- [Lavalink] [main] lavalink.server.Launcher                 : Started Launcher in 35.955 seconds (process running for 44.69)
2024-07-26T23:16:59.098+07:00  INFO 21149 --- [Lavalink] [main] lavalink.server.Launcher                 : 

[32m       .  [31m _                  _ _       _    [32m__ _ _
[32m      /\\ [31m| | __ ___   ____ _| (_)_ __ | | __[32m\ \ \ \
[32m     ( ( )[31m| |/ _` \ \ / / _` | | | '_ \| |/ /[32m \ \ \ \
[32m      \\/ [31m| | (_| |\ V / (_| | | | | | |   < [32m  ) ) ) )
[32m       '  [31m|_|\__,_| \_/ \__,_|_|_|_| |_|_|\_\[32m / / / /
[0m    =========================================[32m/_/_/_/[0m

	Version:        4.0.7
	Build time:     08.07.2024 22:14:17 UTC
	Branch          HEAD
	Commit:         93102f8
	Commit time:    08.07.2024 21:49:02 UTC
	JVM:            22.0.2
	Lavaplayer      2.2.1

2024-07-26T23:16:59.195+07:00  INFO 21149 --- [Lavalink] [main] lavalink.server.Launcher                 : No active profile set, falling back to 1 default profile: "default"
2024-07-26T23:17:13.053+07:00  WARN 21149 --- [Lavalink] [main] io.undertow.websockets.jsr               : UT026010: Buffer pool was not set on WebSocketDeploymentInfo, the default pool will be used
2024-07-26T23:17:13.879+07:00  INFO 21149 --- [Lavalink] [main] io.undertow.servlet                      : Initializing Spring embedded WebApplicationContext
2024-07-26T23:17:13.967+07:00  INFO 21149 --- [Lavalink] [main] w.s.c.ServletWebServerApplicationContext : Root WebApplicationContext: initialization completed in 14738 ms
2024-07-26T23:17:15.802+07:00  INFO 21149 --- [Lavalink] [main] c.g.t.lavasrc.plugin.LavaSrcPlugin       : Loading LavaSrc plugin...
2024-07-26T23:17:19.621+07:00  INFO 21149 --- [Lavalink] [main] c.s.d.l.tools.GarbageCollectionMonitor   : GC monitoring enabled, reporting results every 2 minutes.
2024-07-26T23:17:27.226+07:00  INFO 21149 --- [Lavalink] [main] c.g.t.lavasrc.plugin.LavaSrcPlugin       : Registering Spotify audio source manager...
2024-07-26T23:17:28.858+07:00  INFO 21149 --- [Lavalink] [main] d.l.youtube.plugin.YoutubePluginLoader   : YouTube source initialised with clients: WEB_REMIX, ANDROID, WEB 
2024-07-26T23:17:31.708+07:00  INFO 21149 --- [Lavalink] [main] l.server.config.KoeConfiguration         : OS: DARWIN, Arch: ARMv8_64
2024-07-26T23:17:31.743+07:00  INFO 21149 --- [Lavalink] [main] l.server.config.KoeConfiguration         : Enabling JDA-NAS
2024-07-26T23:17:31.802+07:00  INFO 21149 --- [Lavalink] [main] c.s.l.c.natives.NativeLibraryLoader      : Native library udpqueue: loading with filter null
2024-07-26T23:17:32.912+07:00  INFO 21149 --- [Lavalink] [main] c.s.l.c.natives.NativeLibraryLoader      : Native library udpqueue: successfully loaded.
2024-07-26T23:17:33.236+07:00  WARN 21149 --- [Lavalink] [main] l.server.config.SentryConfiguration      : Turning off sentry
2024-07-26T23:17:35.785+07:00  INFO 21149 --- [Lavalink] [main] io.undertow                              : starting server: Undertow - 2.3.13.Final
2024-07-26T23:17:35.988+07:00  INFO 21149 --- [Lavalink] [main] org.xnio                                 : XNIO version 3.8.8.Final
2024-07-26T23:17:36.020+07:00  INFO 21149 --- [Lavalink] [main] org.xnio.nio                             : XNIO NIO Implementation Version 3.8.8.Final
2024-07-26T23:17:37.540+07:00  INFO 21149 --- [Lavalink] [main] org.jboss.threads                        : JBoss Threads version 3.5.0.Final
2024-07-26T23:17:38.127+07:00  INFO 21149 --- [Lavalink] [main] o.s.b.w.e.undertow.UndertowWebServer     : Undertow started on port 2333 (http) with context path '/'
2024-07-26T23:17:38.157+07:00  INFO 21149 --- [Lavalink] [main] lavalink.server.Launcher                 : Started Launcher in 40.765 seconds (process running for 85.488)
2024-07-26T23:17:38.173+07:00  INFO 21149 --- [Lavalink] [main] lavalink.server.Launcher                 : Lavalink is ready to accept connections.
2024-07-26T23:17:46.008+07:00  INFO 21149 --- [Lavalink] [XNIO-1 task-2] io.undertow.servlet                      : Initializing Spring DispatcherServlet 'dispatcherServlet'
2024-07-26T23:17:46.009+07:00  INFO 21149 --- [Lavalink] [XNIO-1 task-2] o.s.web.servlet.DispatcherServlet        : Initializing Servlet 'dispatcherServlet'
2024-07-26T23:17:46.011+07:00  INFO 21149 --- [Lavalink] [XNIO-1 task-2] o.s.web.servlet.DispatcherServlet        : Completed initialization in 1 ms
2024-07-26T23:17:46.146+07:00  INFO 21149 --- [Lavalink] [XNIO-1 task-2] l.server.io.HandshakeInterceptorImpl     : Incoming connection from /[0:0:0:0:0:0:0:1]:50332
2024-07-26T23:17:46.554+07:00  INFO 21149 --- [Lavalink] [XNIO-1 task-2] l.server.io.RequestLoggingFilter         : GET /v4/websocket
2024-07-26T23:17:47.066+07:00  INFO 21149 --- [Lavalink] [XNIO-1 task-2] lavalink.server.io.SocketServer          : Connection successfully established from Wavelink/3.4.0
2024-07-26T23:17:47.943+07:00  INFO 21149 --- [Lavalink] [XNIO-1 task-3] l.server.io.RequestLoggingFilter         : PATCH /v4/sessions/y1fcm3i24r00kkic, payload={"resuming": true, "timeout": 60}
2024-07-26T23:17:48.225+07:00  INFO 21149 --- [Lavalink] [XNIO-1 task-3] l.server.io.RequestLoggingFilter         : GET /v4/info
2024-07-26T23:19:19.625+07:00  WARN 21149 --- [Lavalink] [lava-daemon-pool-manager-3-thread-1] c.s.d.l.tools.GarbageCollectionMonitor   : Suspicious GC results for the last 2 minutes: [Bucket 0 = 0] [Bucket 20 = 2] [Bucket 50 = 3] [Bucket 200 = 1] [Bucket 500 = 0] [Bucket 2000 = 0] 
2024-07-26T23:59:21.243+07:00  INFO 21149 --- [Lavalink] [SpringApplicationShutdownHook] io.undertow                              : stopping server: Undertow - 2.3.13.Final
2024-07-26T23:59:21.256+07:00  INFO 21149 --- [Lavalink] [SpringApplicationShutdownHook] io.undertow.servlet                      : Destroying Spring FrameworkServlet 'dispatcherServlet'
2024-07-26T23:59:21.264+07:00  INFO 21149 --- [Lavalink] [SpringApplicationShutdownHook] c.s.d.l.tools.GarbageCollectionMonitor   : GC monitoring disabled.
